<html>
<head>
<title>TestNG:  Default test</title>
<link href="../testng.css" rel="stylesheet" type="text/css" />
<link href="../my-testng.css" rel="stylesheet" type="text/css" />

<style type="text/css">
.log { display: none;} 
.stack-trace { display: none;} 
</style>
<script type="text/javascript">
<!--
function flip(e) {
  current = e.style.display;
  if (current == 'block') {
    e.style.display = 'none';
    return 0;
  }
  else {
    e.style.display = 'block';
    return 1;
  }
}

function toggleBox(szDivId, elem, msg1, msg2)
{
  var res = -1;  if (document.getElementById) {
    res = flip(document.getElementById(szDivId));
  }
  else if (document.all) {
    // this is the way old msie versions work
    res = flip(document.all[szDivId]);
  }
  if(elem) {
    if(res == 0) elem.innerHTML = msg1; else elem.innerHTML = msg2;
  }

}

function toggleAllBoxes() {
  if (document.getElementsByTagName) {
    d = document.getElementsByTagName('div');
    for (i = 0; i < d.length; i++) {
      if (d[i].className == 'log') {
        flip(d[i]);
      }
    }
  }
}

// -->
</script>

</head>
<body>
<h2 align='center'>Default test</h2><table border='1' align="center">
<tr>
<td>Tests passed/Failed/Skipped:</td><td>52/0/0</td>
</tr><tr>
<td>Started on:</td><td>Sat Oct 08 22:54:02 PDT 2016</td>
</tr>
<tr><td>Total time:</td><td>0 seconds (437 ms)</td>
</tr><tr>
<td>Included groups:</td><td></td>
</tr><tr>
<td>Excluded groups:</td><td></td>
</tr>
</table><p/>
<small><i>(Hover the method name to see the test class name)</i></small><p/>
<table width='100%' border='1' class='invocation-passed'>
<tr><td colspan='4' align='center'><b>PASSED TESTS</b></td></tr>
<tr><td><b>Test method</b></td>
<td width="30%"><b>Exception</b></td>
<td width="10%"><b>Time (seconds)</b></td>
<td><b>Instance</b></td>
</tr>
<tr>
<td title='com.codingopus.java.maths.IntArrayTest.intArray_VALUE_check()'><b>intArray_VALUE_check</b><br>Test class: com.codingopus.java.maths.IntArrayTest</td>
<td></td>
<td>0</td>
<td>com.codingopus.java.maths.IntArrayTest@b97c004</td></tr>
<tr>
<td title='com.codingopus.java.maths.IntArrayTest.intArray_add()'><b>intArray_add</b><br>Test class: com.codingopus.java.maths.IntArrayTest</td>
<td></td>
<td>0</td>
<td>com.codingopus.java.maths.IntArrayTest@b97c004</td></tr>
<tr>
<td title='com.codingopus.java.maths.IntArrayTest.intArray_addAll()'><b>intArray_addAll</b><br>Test class: com.codingopus.java.maths.IntArrayTest</td>
<td></td>
<td>0</td>
<td>com.codingopus.java.maths.IntArrayTest@b97c004</td></tr>
<tr>
<td title='com.codingopus.java.maths.IntArrayTest.intArray_addAll_arrays()'><b>intArray_addAll_arrays</b><br>Test class: com.codingopus.java.maths.IntArrayTest</td>
<td></td>
<td>0</td>
<td>com.codingopus.java.maths.IntArrayTest@b97c004</td></tr>
<tr>
<td title='com.codingopus.java.maths.IntArrayTest.intArray_addAll_intarray()'><b>intArray_addAll_intarray</b><br>Test class: com.codingopus.java.maths.IntArrayTest</td>
<td></td>
<td>0</td>
<td>com.codingopus.java.maths.IntArrayTest@b97c004</td></tr>
<tr>
<td title='com.codingopus.java.maths.IntArrayTest.intArray_addAll_with_null()'><b>intArray_addAll_with_null</b><br>Test class: com.codingopus.java.maths.IntArrayTest</td>
<td><div><pre>java.lang.NullPointerException
	at com.codingopus.java.collect.IntArray.lambda$1(IntArray.java:140)
	at com.codingopus.java.collect.IntArray$$Lambda$1/1234776885.applyAsInt(Unknown Source)
	at java.util.stream.ReferencePipeline$4$1.accept(ReferencePipeline.java:210)
	at java.util.Spliterators$ArraySpliterator.forEachRemaining(Spliterators.java:948)
	at java.util.stream.AbstractPipeline.copyInto(AbstractPipeline.java:512)
	at java.util.stream.AbstractPipeline.wrapAndCopyInto(AbstractPipeline.java:502)
	at java.util.stream.AbstractPipeline.evaluate(AbstractPipeline.java:576)
	at java.util.stream.AbstractPipeline.evaluateToArrayNode(AbstractPipeline.java:255)
	at java.util.stream.IntPipeline.toArray(IntPipeline.java:502)
	at com.codingopus.java.collect.IntArray.addAll(IntArray.java:140)
	at com.codingopus.java.maths.IntArrayTest.intArray_addAll_with_null(IntArrayTest.java:116)
	at sun.reflect.NativeMethodAccessorImpl.invoke0(Native Method)
	at sun.reflect.NativeMethodAccessorImpl.invoke(NativeMethodAccessorImpl.java:62)
	at sun.reflect.DelegatingMethodAccessorImpl.invoke(DelegatingMethodAccessorImpl.java:43)
	at java.lang.reflect.Method.invoke(Method.java:483)
	at org.testng.internal.MethodInvocationHelper.invokeMethod(MethodInvocationHelper.java:86)
	at org.testng.internal.Invoker.invokeMethod(Invoker.java:643)
	at org.testng.internal.Invoker.invokeTestMethod(Invoker.java:820)
	at org.testng.internal.Invoker.invokeTestMethods(Invoker.java:1128)
	at org.testng.internal.TestMethodWorker.invokeTestMethods(TestMethodWorker.java:129)
	at org.testng.internal.TestMethodWorker.run(TestMethodWorker.java:112)
	at org.testng.TestRunner.privateRun(TestRunner.java:782)
	at org.testng.TestRunner.run(TestRunner.java:632)
	at org.testng.SuiteRunner.runTest(SuiteRunner.java:366)
	at org.testng.SuiteRunner.runSequentially(SuiteRunner.java:361)
	at org.testng.SuiteRunner.privateRun(SuiteRunner.java:319)
	at org.testng.SuiteRunner.run(SuiteRunner.java:268)
	at org.testng.SuiteRunnerWorker.runSuite(SuiteRunnerWorker.java:52)
	at org.testng.SuiteRunnerWorker.run(SuiteRunnerWorker.java:86)
	at org.testng.TestNG.runSuitesSequentially(TestNG.java:1244)
	at org.testng.TestNG.runSuitesLocally(TestNG.java:1169)
	at org.testng.TestNG.run(TestNG.java:1064)
	at org.testng.remote.AbstractRemoteTestNG.run(AbstractRemoteTestNG.java:126)
	at org.testng.remote.RemoteTestNG.initAndRun(RemoteTestNG.java:152)
	at org.testng.remote.RemoteTestNG.main(RemoteTestNG.java:57)
</pre></div><a href='#' onClick='toggleBox("stack-trace504527234", this, "Click to show all stack frames", "Click to hide stack frames")'>Click to show all stack frames</a>
<div class='stack-trace' id='stack-trace504527234'><pre>java.lang.NullPointerException
	at com.codingopus.java.collect.IntArray.lambda$1(IntArray.java:140)
	at com.codingopus.java.collect.IntArray$$Lambda$1/1234776885.applyAsInt(Unknown Source)
	at java.util.stream.ReferencePipeline$4$1.accept(ReferencePipeline.java:210)
	at java.util.Spliterators$ArraySpliterator.forEachRemaining(Spliterators.java:948)
	at java.util.stream.AbstractPipeline.copyInto(AbstractPipeline.java:512)
	at java.util.stream.AbstractPipeline.wrapAndCopyInto(AbstractPipeline.java:502)
	at java.util.stream.AbstractPipeline.evaluate(AbstractPipeline.java:576)
	at java.util.stream.AbstractPipeline.evaluateToArrayNode(AbstractPipeline.java:255)
	at java.util.stream.IntPipeline.toArray(IntPipeline.java:502)
	at com.codingopus.java.collect.IntArray.addAll(IntArray.java:140)
	at com.codingopus.java.maths.IntArrayTest.intArray_addAll_with_null(IntArrayTest.java:116)
	at sun.reflect.NativeMethodAccessorImpl.invoke0(Native Method)
	at sun.reflect.NativeMethodAccessorImpl.invoke(NativeMethodAccessorImpl.java:62)
	at sun.reflect.DelegatingMethodAccessorImpl.invoke(DelegatingMethodAccessorImpl.java:43)
	at java.lang.reflect.Method.invoke(Method.java:483)
	at org.testng.internal.MethodInvocationHelper.invokeMethod(MethodInvocationHelper.java:86)
	at org.testng.internal.Invoker.invokeMethod(Invoker.java:643)
	at org.testng.internal.Invoker.invokeTestMethod(Invoker.java:820)
	at org.testng.internal.Invoker.invokeTestMethods(Invoker.java:1128)
	at org.testng.internal.TestMethodWorker.invokeTestMethods(TestMethodWorker.java:129)
	at org.testng.internal.TestMethodWorker.run(TestMethodWorker.java:112)
	at org.testng.TestRunner.privateRun(TestRunner.java:782)
	at org.testng.TestRunner.run(TestRunner.java:632)
	at org.testng.SuiteRunner.runTest(SuiteRunner.java:366)
	at org.testng.SuiteRunner.runSequentially(SuiteRunner.java:361)
	at org.testng.SuiteRunner.privateRun(SuiteRunner.java:319)
	at org.testng.SuiteRunner.run(SuiteRunner.java:268)
	at org.testng.SuiteRunnerWorker.runSuite(SuiteRunnerWorker.java:52)
	at org.testng.SuiteRunnerWorker.run(SuiteRunnerWorker.java:86)
	at org.testng.TestNG.runSuitesSequentially(TestNG.java:1244)
	at org.testng.TestNG.runSuitesLocally(TestNG.java:1169)
	at org.testng.TestNG.run(TestNG.java:1064)
	at org.testng.remote.AbstractRemoteTestNG.run(AbstractRemoteTestNG.java:126)
	at org.testng.remote.RemoteTestNG.initAndRun(RemoteTestNG.java:152)
	at org.testng.remote.RemoteTestNG.main(RemoteTestNG.java:57)
</pre></div></td>
<td>0</td>
<td>com.codingopus.java.maths.IntArrayTest@b97c004</td></tr>
<tr>
<td title='com.codingopus.java.maths.IntArrayTest.intArray_add_3arrays_distict()'><b>intArray_add_3arrays_distict</b><br>Test class: com.codingopus.java.maths.IntArrayTest</td>
<td></td>
<td>0</td>
<td>com.codingopus.java.maths.IntArrayTest@b97c004</td></tr>
<tr>
<td title='com.codingopus.java.maths.IntArrayTest.intArray_add_with_index()'><b>intArray_add_with_index</b><br>Test class: com.codingopus.java.maths.IntArrayTest</td>
<td></td>
<td>0</td>
<td>com.codingopus.java.maths.IntArrayTest@b97c004</td></tr>
<tr>
<td title='com.codingopus.java.maths.IntArrayTest.intArray_clear()'><b>intArray_clear</b><br>Test class: com.codingopus.java.maths.IntArrayTest</td>
<td></td>
<td>0</td>
<td>com.codingopus.java.maths.IntArrayTest@b97c004</td></tr>
<tr>
<td title='com.codingopus.java.maths.IntArrayTest.intArray_collection()'><b>intArray_collection</b><br>Test class: com.codingopus.java.maths.IntArrayTest</td>
<td></td>
<td>0</td>
<td>com.codingopus.java.maths.IntArrayTest@b97c004</td></tr>
<tr>
<td title='com.codingopus.java.maths.IntArrayTest.intArray_contains_intArray()'><b>intArray_contains_intArray</b><br>Test class: com.codingopus.java.maths.IntArrayTest</td>
<td></td>
<td>0</td>
<td>com.codingopus.java.maths.IntArrayTest@b97c004</td></tr>
<tr>
<td title='com.codingopus.java.maths.IntArrayTest.intArray_contains_value()'><b>intArray_contains_value</b><br>Test class: com.codingopus.java.maths.IntArrayTest</td>
<td></td>
<td>0</td>
<td>com.codingopus.java.maths.IntArrayTest@b97c004</td></tr>
<tr>
<td title='com.codingopus.java.maths.IntArrayTest.intArray_distinct()'><b>intArray_distinct</b><br>Test class: com.codingopus.java.maths.IntArrayTest</td>
<td></td>
<td>0</td>
<td>com.codingopus.java.maths.IntArrayTest@b97c004</td></tr>
<tr>
<td title='com.codingopus.java.maths.IntArrayTest.intArray_distinct_sorted_add_reverse()'><b>intArray_distinct_sorted_add_reverse</b><br>Test class: com.codingopus.java.maths.IntArrayTest</td>
<td></td>
<td>0</td>
<td>com.codingopus.java.maths.IntArrayTest@b97c004</td></tr>
<tr>
<td title='com.codingopus.java.maths.IntArrayTest.intArray_divide_with_factor()'><b>intArray_divide_with_factor</b><br>Test class: com.codingopus.java.maths.IntArrayTest</td>
<td></td>
<td>0</td>
<td>com.codingopus.java.maths.IntArrayTest@b97c004</td></tr>
<tr>
<td title='com.codingopus.java.maths.IntArrayTest.intArray_divide_with_intarray_with_different_length()'><b>intArray_divide_with_intarray_with_different_length</b><br>Test class: com.codingopus.java.maths.IntArrayTest</td>
<td><div><pre>java.lang.IllegalArgumentException: Arrays must of same size.
	at com.codingopus.java.collect.IntArray.divide(IntArray.java:315)
	at com.codingopus.java.maths.IntArrayTest.intArray_divide_with_intarray_with_different_length(IntArrayTest.java:237)
	at sun.reflect.NativeMethodAccessorImpl.invoke0(Native Method)
	at sun.reflect.NativeMethodAccessorImpl.invoke(NativeMethodAccessorImpl.java:62)
	at sun.reflect.DelegatingMethodAccessorImpl.invoke(DelegatingMethodAccessorImpl.java:43)
	at java.lang.reflect.Method.invoke(Method.java:483)
	at org.testng.internal.MethodInvocationHelper.invokeMethod(MethodInvocationHelper.java:86)
	at org.testng.internal.Invoker.invokeMethod(Invoker.java:643)
	at org.testng.internal.Invoker.invokeTestMethod(Invoker.java:820)
	at org.testng.internal.Invoker.invokeTestMethods(Invoker.java:1128)
	at org.testng.internal.TestMethodWorker.invokeTestMethods(TestMethodWorker.java:129)
	at org.testng.internal.TestMethodWorker.run(TestMethodWorker.java:112)
	at org.testng.TestRunner.privateRun(TestRunner.java:782)
	at org.testng.TestRunner.run(TestRunner.java:632)
	at org.testng.SuiteRunner.runTest(SuiteRunner.java:366)
	at org.testng.SuiteRunner.runSequentially(SuiteRunner.java:361)
	at org.testng.SuiteRunner.privateRun(SuiteRunner.java:319)
	at org.testng.SuiteRunner.run(SuiteRunner.java:268)
	at org.testng.SuiteRunnerWorker.runSuite(SuiteRunnerWorker.java:52)
	at org.testng.SuiteRunnerWorker.run(SuiteRunnerWorker.java:86)
	at org.testng.TestNG.runSuitesSequentially(TestNG.java:1244)
	at org.testng.TestNG.runSuitesLocally(TestNG.java:1169)
	at org.testng.TestNG.run(TestNG.java:1064)
	at org.testng.remote.AbstractRemoteTestNG.run(AbstractRemoteTestNG.java:126)
	at org.testng.remote.RemoteTestNG.initAndRun(RemoteTestNG.java:152)
	at org.testng.remote.RemoteTestNG.main(RemoteTestNG.java:57)
</pre></div><a href='#' onClick='toggleBox("stack-trace1383547042", this, "Click to show all stack frames", "Click to hide stack frames")'>Click to show all stack frames</a>
<div class='stack-trace' id='stack-trace1383547042'><pre>java.lang.IllegalArgumentException: Arrays must of same size.
	at com.codingopus.java.collect.IntArray.divide(IntArray.java:315)
	at com.codingopus.java.maths.IntArrayTest.intArray_divide_with_intarray_with_different_length(IntArrayTest.java:237)
	at sun.reflect.NativeMethodAccessorImpl.invoke0(Native Method)
	at sun.reflect.NativeMethodAccessorImpl.invoke(NativeMethodAccessorImpl.java:62)
	at sun.reflect.DelegatingMethodAccessorImpl.invoke(DelegatingMethodAccessorImpl.java:43)
	at java.lang.reflect.Method.invoke(Method.java:483)
	at org.testng.internal.MethodInvocationHelper.invokeMethod(MethodInvocationHelper.java:86)
	at org.testng.internal.Invoker.invokeMethod(Invoker.java:643)
	at org.testng.internal.Invoker.invokeTestMethod(Invoker.java:820)
	at org.testng.internal.Invoker.invokeTestMethods(Invoker.java:1128)
	at org.testng.internal.TestMethodWorker.invokeTestMethods(TestMethodWorker.java:129)
	at org.testng.internal.TestMethodWorker.run(TestMethodWorker.java:112)
	at org.testng.TestRunner.privateRun(TestRunner.java:782)
	at org.testng.TestRunner.run(TestRunner.java:632)
	at org.testng.SuiteRunner.runTest(SuiteRunner.java:366)
	at org.testng.SuiteRunner.runSequentially(SuiteRunner.java:361)
	at org.testng.SuiteRunner.privateRun(SuiteRunner.java:319)
	at org.testng.SuiteRunner.run(SuiteRunner.java:268)
	at org.testng.SuiteRunnerWorker.runSuite(SuiteRunnerWorker.java:52)
	at org.testng.SuiteRunnerWorker.run(SuiteRunnerWorker.java:86)
	at org.testng.TestNG.runSuitesSequentially(TestNG.java:1244)
	at org.testng.TestNG.runSuitesLocally(TestNG.java:1169)
	at org.testng.TestNG.run(TestNG.java:1064)
	at org.testng.remote.AbstractRemoteTestNG.run(AbstractRemoteTestNG.java:126)
	at org.testng.remote.RemoteTestNG.initAndRun(RemoteTestNG.java:152)
	at org.testng.remote.RemoteTestNG.main(RemoteTestNG.java:57)
</pre></div></td>
<td>0</td>
<td>com.codingopus.java.maths.IntArrayTest@b97c004</td></tr>
<tr>
<td title='com.codingopus.java.maths.IntArrayTest.intArray_divide_with_intarray_with_null()'><b>intArray_divide_with_intarray_with_null</b><br>Test class: com.codingopus.java.maths.IntArrayTest</td>
<td><div><pre>java.lang.NullPointerException: IntArray must not be null.
	at java.util.Objects.requireNonNull(Objects.java:228)
	at com.codingopus.java.collect.IntArray.divide(IntArray.java:313)
	at com.codingopus.java.maths.IntArrayTest.intArray_divide_with_intarray_with_null(IntArrayTest.java:242)
	at sun.reflect.NativeMethodAccessorImpl.invoke0(Native Method)
	at sun.reflect.NativeMethodAccessorImpl.invoke(NativeMethodAccessorImpl.java:62)
	at sun.reflect.DelegatingMethodAccessorImpl.invoke(DelegatingMethodAccessorImpl.java:43)
	at java.lang.reflect.Method.invoke(Method.java:483)
	at org.testng.internal.MethodInvocationHelper.invokeMethod(MethodInvocationHelper.java:86)
	at org.testng.internal.Invoker.invokeMethod(Invoker.java:643)
	at org.testng.internal.Invoker.invokeTestMethod(Invoker.java:820)
	at org.testng.internal.Invoker.invokeTestMethods(Invoker.java:1128)
	at org.testng.internal.TestMethodWorker.invokeTestMethods(TestMethodWorker.java:129)
	at org.testng.internal.TestMethodWorker.run(TestMethodWorker.java:112)
	at org.testng.TestRunner.privateRun(TestRunner.java:782)
	at org.testng.TestRunner.run(TestRunner.java:632)
	at org.testng.SuiteRunner.runTest(SuiteRunner.java:366)
	at org.testng.SuiteRunner.runSequentially(SuiteRunner.java:361)
	at org.testng.SuiteRunner.privateRun(SuiteRunner.java:319)
	at org.testng.SuiteRunner.run(SuiteRunner.java:268)
	at org.testng.SuiteRunnerWorker.runSuite(SuiteRunnerWorker.java:52)
	at org.testng.SuiteRunnerWorker.run(SuiteRunnerWorker.java:86)
	at org.testng.TestNG.runSuitesSequentially(TestNG.java:1244)
	at org.testng.TestNG.runSuitesLocally(TestNG.java:1169)
	at org.testng.TestNG.run(TestNG.java:1064)
	at org.testng.remote.AbstractRemoteTestNG.run(AbstractRemoteTestNG.java:126)
	at org.testng.remote.RemoteTestNG.initAndRun(RemoteTestNG.java:152)
	at org.testng.remote.RemoteTestNG.main(RemoteTestNG.java:57)
</pre></div><a href='#' onClick='toggleBox("stack-trace3213500", this, "Click to show all stack frames", "Click to hide stack frames")'>Click to show all stack frames</a>
<div class='stack-trace' id='stack-trace3213500'><pre>java.lang.NullPointerException: IntArray must not be null.
	at java.util.Objects.requireNonNull(Objects.java:228)
	at com.codingopus.java.collect.IntArray.divide(IntArray.java:313)
	at com.codingopus.java.maths.IntArrayTest.intArray_divide_with_intarray_with_null(IntArrayTest.java:242)
	at sun.reflect.NativeMethodAccessorImpl.invoke0(Native Method)
	at sun.reflect.NativeMethodAccessorImpl.invoke(NativeMethodAccessorImpl.java:62)
	at sun.reflect.DelegatingMethodAccessorImpl.invoke(DelegatingMethodAccessorImpl.java:43)
	at java.lang.reflect.Method.invoke(Method.java:483)
	at org.testng.internal.MethodInvocationHelper.invokeMethod(MethodInvocationHelper.java:86)
	at org.testng.internal.Invoker.invokeMethod(Invoker.java:643)
	at org.testng.internal.Invoker.invokeTestMethod(Invoker.java:820)
	at org.testng.internal.Invoker.invokeTestMethods(Invoker.java:1128)
	at org.testng.internal.TestMethodWorker.invokeTestMethods(TestMethodWorker.java:129)
	at org.testng.internal.TestMethodWorker.run(TestMethodWorker.java:112)
	at org.testng.TestRunner.privateRun(TestRunner.java:782)
	at org.testng.TestRunner.run(TestRunner.java:632)
	at org.testng.SuiteRunner.runTest(SuiteRunner.java:366)
	at org.testng.SuiteRunner.runSequentially(SuiteRunner.java:361)
	at org.testng.SuiteRunner.privateRun(SuiteRunner.java:319)
	at org.testng.SuiteRunner.run(SuiteRunner.java:268)
	at org.testng.SuiteRunnerWorker.runSuite(SuiteRunnerWorker.java:52)
	at org.testng.SuiteRunnerWorker.run(SuiteRunnerWorker.java:86)
	at org.testng.TestNG.runSuitesSequentially(TestNG.java:1244)
	at org.testng.TestNG.runSuitesLocally(TestNG.java:1169)
	at org.testng.TestNG.run(TestNG.java:1064)
	at org.testng.remote.AbstractRemoteTestNG.run(AbstractRemoteTestNG.java:126)
	at org.testng.remote.RemoteTestNG.initAndRun(RemoteTestNG.java:152)
	at org.testng.remote.RemoteTestNG.main(RemoteTestNG.java:57)
</pre></div></td>
<td>0</td>
<td>com.codingopus.java.maths.IntArrayTest@b97c004</td></tr>
<tr>
<td title='com.codingopus.java.maths.IntArrayTest.intArray_divide_with_intarray_with_same_length()'><b>intArray_divide_with_intarray_with_same_length</b><br>Test class: com.codingopus.java.maths.IntArrayTest</td>
<td></td>
<td>0</td>
<td>com.codingopus.java.maths.IntArrayTest@b97c004</td></tr>
<tr>
<td title='com.codingopus.java.maths.IntArrayTest.intArray_evens()'><b>intArray_evens</b><br>Test class: com.codingopus.java.maths.IntArrayTest</td>
<td></td>
<td>0</td>
<td>com.codingopus.java.maths.IntArrayTest@b97c004</td></tr>
<tr>
<td title='com.codingopus.java.maths.IntArrayTest.intArray_get()'><b>intArray_get</b><br>Test class: com.codingopus.java.maths.IntArrayTest</td>
<td></td>
<td>0</td>
<td>com.codingopus.java.maths.IntArrayTest@b97c004</td></tr>
<tr>
<td title='com.codingopus.java.maths.IntArrayTest.intArray_get_exception()'><b>intArray_get_exception</b><br>Test class: com.codingopus.java.maths.IntArrayTest</td>
<td><div><pre>java.lang.IndexOutOfBoundsException: Index 100, Size: 4
	at com.codingopus.java.collect.IntArray.get(IntArray.java:578)
	at com.codingopus.java.maths.IntArrayTest.intArray_get_exception(IntArrayTest.java:315)
	at sun.reflect.NativeMethodAccessorImpl.invoke0(Native Method)
	at sun.reflect.NativeMethodAccessorImpl.invoke(NativeMethodAccessorImpl.java:62)
	at sun.reflect.DelegatingMethodAccessorImpl.invoke(DelegatingMethodAccessorImpl.java:43)
	at java.lang.reflect.Method.invoke(Method.java:483)
	at org.testng.internal.MethodInvocationHelper.invokeMethod(MethodInvocationHelper.java:86)
	at org.testng.internal.Invoker.invokeMethod(Invoker.java:643)
	at org.testng.internal.Invoker.invokeTestMethod(Invoker.java:820)
	at org.testng.internal.Invoker.invokeTestMethods(Invoker.java:1128)
	at org.testng.internal.TestMethodWorker.invokeTestMethods(TestMethodWorker.java:129)
	at org.testng.internal.TestMethodWorker.run(TestMethodWorker.java:112)
	at org.testng.TestRunner.privateRun(TestRunner.java:782)
	at org.testng.TestRunner.run(TestRunner.java:632)
	at org.testng.SuiteRunner.runTest(SuiteRunner.java:366)
	at org.testng.SuiteRunner.runSequentially(SuiteRunner.java:361)
	at org.testng.SuiteRunner.privateRun(SuiteRunner.java:319)
	at org.testng.SuiteRunner.run(SuiteRunner.java:268)
	at org.testng.SuiteRunnerWorker.runSuite(SuiteRunnerWorker.java:52)
	at org.testng.SuiteRunnerWorker.run(SuiteRunnerWorker.java:86)
	at org.testng.TestNG.runSuitesSequentially(TestNG.java:1244)
	at org.testng.TestNG.runSuitesLocally(TestNG.java:1169)
	at org.testng.TestNG.run(TestNG.java:1064)
	at org.testng.remote.AbstractRemoteTestNG.run(AbstractRemoteTestNG.java:126)
	at org.testng.remote.RemoteTestNG.initAndRun(RemoteTestNG.java:152)
	at org.testng.remote.RemoteTestNG.main(RemoteTestNG.java:57)
</pre></div><a href='#' onClick='toggleBox("stack-trace1864350231", this, "Click to show all stack frames", "Click to hide stack frames")'>Click to show all stack frames</a>
<div class='stack-trace' id='stack-trace1864350231'><pre>java.lang.IndexOutOfBoundsException: Index 100, Size: 4
	at com.codingopus.java.collect.IntArray.get(IntArray.java:578)
	at com.codingopus.java.maths.IntArrayTest.intArray_get_exception(IntArrayTest.java:315)
	at sun.reflect.NativeMethodAccessorImpl.invoke0(Native Method)
	at sun.reflect.NativeMethodAccessorImpl.invoke(NativeMethodAccessorImpl.java:62)
	at sun.reflect.DelegatingMethodAccessorImpl.invoke(DelegatingMethodAccessorImpl.java:43)
	at java.lang.reflect.Method.invoke(Method.java:483)
	at org.testng.internal.MethodInvocationHelper.invokeMethod(MethodInvocationHelper.java:86)
	at org.testng.internal.Invoker.invokeMethod(Invoker.java:643)
	at org.testng.internal.Invoker.invokeTestMethod(Invoker.java:820)
	at org.testng.internal.Invoker.invokeTestMethods(Invoker.java:1128)
	at org.testng.internal.TestMethodWorker.invokeTestMethods(TestMethodWorker.java:129)
	at org.testng.internal.TestMethodWorker.run(TestMethodWorker.java:112)
	at org.testng.TestRunner.privateRun(TestRunner.java:782)
	at org.testng.TestRunner.run(TestRunner.java:632)
	at org.testng.SuiteRunner.runTest(SuiteRunner.java:366)
	at org.testng.SuiteRunner.runSequentially(SuiteRunner.java:361)
	at org.testng.SuiteRunner.privateRun(SuiteRunner.java:319)
	at org.testng.SuiteRunner.run(SuiteRunner.java:268)
	at org.testng.SuiteRunnerWorker.runSuite(SuiteRunnerWorker.java:52)
	at org.testng.SuiteRunnerWorker.run(SuiteRunnerWorker.java:86)
	at org.testng.TestNG.runSuitesSequentially(TestNG.java:1244)
	at org.testng.TestNG.runSuitesLocally(TestNG.java:1169)
	at org.testng.TestNG.run(TestNG.java:1064)
	at org.testng.remote.AbstractRemoteTestNG.run(AbstractRemoteTestNG.java:126)
	at org.testng.remote.RemoteTestNG.initAndRun(RemoteTestNG.java:152)
	at org.testng.remote.RemoteTestNG.main(RemoteTestNG.java:57)
</pre></div></td>
<td>0</td>
<td>com.codingopus.java.maths.IntArrayTest@b97c004</td></tr>
<tr>
<td title='com.codingopus.java.maths.IntArrayTest.intArray_hashcode_equals()'><b>intArray_hashcode_equals</b><br>Test class: com.codingopus.java.maths.IntArrayTest</td>
<td></td>
<td>0</td>
<td>com.codingopus.java.maths.IntArrayTest@b97c004</td></tr>
<tr>
<td title='com.codingopus.java.maths.IntArrayTest.intArray_indexOf()'><b>intArray_indexOf</b><br>Test class: com.codingopus.java.maths.IntArrayTest</td>
<td></td>
<td>0</td>
<td>com.codingopus.java.maths.IntArrayTest@b97c004</td></tr>
<tr>
<td title='com.codingopus.java.maths.IntArrayTest.intArray_isEmpty()'><b>intArray_isEmpty</b><br>Test class: com.codingopus.java.maths.IntArrayTest</td>
<td></td>
<td>0</td>
<td>com.codingopus.java.maths.IntArrayTest@b97c004</td></tr>
<tr>
<td title='com.codingopus.java.maths.IntArrayTest.intArray_lastIndexOf()'><b>intArray_lastIndexOf</b><br>Test class: com.codingopus.java.maths.IntArrayTest</td>
<td></td>
<td>0</td>
<td>com.codingopus.java.maths.IntArrayTest@b97c004</td></tr>
<tr>
<td title='com.codingopus.java.maths.IntArrayTest.intArray_max()'><b>intArray_max</b><br>Test class: com.codingopus.java.maths.IntArrayTest</td>
<td></td>
<td>0</td>
<td>com.codingopus.java.maths.IntArrayTest@b97c004</td></tr>
<tr>
<td title='com.codingopus.java.maths.IntArrayTest.intArray_min()'><b>intArray_min</b><br>Test class: com.codingopus.java.maths.IntArrayTest</td>
<td></td>
<td>0</td>
<td>com.codingopus.java.maths.IntArrayTest@b97c004</td></tr>
<tr>
<td title='com.codingopus.java.maths.IntArrayTest.intArray_minus_with_factor()'><b>intArray_minus_with_factor</b><br>Test class: com.codingopus.java.maths.IntArrayTest</td>
<td></td>
<td>0</td>
<td>com.codingopus.java.maths.IntArrayTest@b97c004</td></tr>
<tr>
<td title='com.codingopus.java.maths.IntArrayTest.intArray_minus_with_intarray_with_different_length()'><b>intArray_minus_with_intarray_with_different_length</b><br>Test class: com.codingopus.java.maths.IntArrayTest</td>
<td><div><pre>java.lang.IllegalArgumentException: Arrays must of same size.
	at com.codingopus.java.collect.IntArray.minus(IntArray.java:244)
	at com.codingopus.java.maths.IntArrayTest.intArray_minus_with_intarray_with_different_length(IntArrayTest.java:177)
	at sun.reflect.NativeMethodAccessorImpl.invoke0(Native Method)
	at sun.reflect.NativeMethodAccessorImpl.invoke(NativeMethodAccessorImpl.java:62)
	at sun.reflect.DelegatingMethodAccessorImpl.invoke(DelegatingMethodAccessorImpl.java:43)
	at java.lang.reflect.Method.invoke(Method.java:483)
	at org.testng.internal.MethodInvocationHelper.invokeMethod(MethodInvocationHelper.java:86)
	at org.testng.internal.Invoker.invokeMethod(Invoker.java:643)
	at org.testng.internal.Invoker.invokeTestMethod(Invoker.java:820)
	at org.testng.internal.Invoker.invokeTestMethods(Invoker.java:1128)
	at org.testng.internal.TestMethodWorker.invokeTestMethods(TestMethodWorker.java:129)
	at org.testng.internal.TestMethodWorker.run(TestMethodWorker.java:112)
	at org.testng.TestRunner.privateRun(TestRunner.java:782)
	at org.testng.TestRunner.run(TestRunner.java:632)
	at org.testng.SuiteRunner.runTest(SuiteRunner.java:366)
	at org.testng.SuiteRunner.runSequentially(SuiteRunner.java:361)
	at org.testng.SuiteRunner.privateRun(SuiteRunner.java:319)
	at org.testng.SuiteRunner.run(SuiteRunner.java:268)
	at org.testng.SuiteRunnerWorker.runSuite(SuiteRunnerWorker.java:52)
	at org.testng.SuiteRunnerWorker.run(SuiteRunnerWorker.java:86)
	at org.testng.TestNG.runSuitesSequentially(TestNG.java:1244)
	at org.testng.TestNG.runSuitesLocally(TestNG.java:1169)
	at org.testng.TestNG.run(TestNG.java:1064)
	at org.testng.remote.AbstractRemoteTestNG.run(AbstractRemoteTestNG.java:126)
	at org.testng.remote.RemoteTestNG.initAndRun(RemoteTestNG.java:152)
	at org.testng.remote.RemoteTestNG.main(RemoteTestNG.java:57)
</pre></div><a href='#' onClick='toggleBox("stack-trace522764626", this, "Click to show all stack frames", "Click to hide stack frames")'>Click to show all stack frames</a>
<div class='stack-trace' id='stack-trace522764626'><pre>java.lang.IllegalArgumentException: Arrays must of same size.
	at com.codingopus.java.collect.IntArray.minus(IntArray.java:244)
	at com.codingopus.java.maths.IntArrayTest.intArray_minus_with_intarray_with_different_length(IntArrayTest.java:177)
	at sun.reflect.NativeMethodAccessorImpl.invoke0(Native Method)
	at sun.reflect.NativeMethodAccessorImpl.invoke(NativeMethodAccessorImpl.java:62)
	at sun.reflect.DelegatingMethodAccessorImpl.invoke(DelegatingMethodAccessorImpl.java:43)
	at java.lang.reflect.Method.invoke(Method.java:483)
	at org.testng.internal.MethodInvocationHelper.invokeMethod(MethodInvocationHelper.java:86)
	at org.testng.internal.Invoker.invokeMethod(Invoker.java:643)
	at org.testng.internal.Invoker.invokeTestMethod(Invoker.java:820)
	at org.testng.internal.Invoker.invokeTestMethods(Invoker.java:1128)
	at org.testng.internal.TestMethodWorker.invokeTestMethods(TestMethodWorker.java:129)
	at org.testng.internal.TestMethodWorker.run(TestMethodWorker.java:112)
	at org.testng.TestRunner.privateRun(TestRunner.java:782)
	at org.testng.TestRunner.run(TestRunner.java:632)
	at org.testng.SuiteRunner.runTest(SuiteRunner.java:366)
	at org.testng.SuiteRunner.runSequentially(SuiteRunner.java:361)
	at org.testng.SuiteRunner.privateRun(SuiteRunner.java:319)
	at org.testng.SuiteRunner.run(SuiteRunner.java:268)
	at org.testng.SuiteRunnerWorker.runSuite(SuiteRunnerWorker.java:52)
	at org.testng.SuiteRunnerWorker.run(SuiteRunnerWorker.java:86)
	at org.testng.TestNG.runSuitesSequentially(TestNG.java:1244)
	at org.testng.TestNG.runSuitesLocally(TestNG.java:1169)
	at org.testng.TestNG.run(TestNG.java:1064)
	at org.testng.remote.AbstractRemoteTestNG.run(AbstractRemoteTestNG.java:126)
	at org.testng.remote.RemoteTestNG.initAndRun(RemoteTestNG.java:152)
	at org.testng.remote.RemoteTestNG.main(RemoteTestNG.java:57)
</pre></div></td>
<td>0</td>
<td>com.codingopus.java.maths.IntArrayTest@b97c004</td></tr>
<tr>
<td title='com.codingopus.java.maths.IntArrayTest.intArray_minus_with_intarray_with_null()'><b>intArray_minus_with_intarray_with_null</b><br>Test class: com.codingopus.java.maths.IntArrayTest</td>
<td><div><pre>java.lang.NullPointerException: IntArray must not be null.
	at java.util.Objects.requireNonNull(Objects.java:228)
	at com.codingopus.java.collect.IntArray.minus(IntArray.java:242)
	at com.codingopus.java.maths.IntArrayTest.intArray_minus_with_intarray_with_null(IntArrayTest.java:182)
	at sun.reflect.NativeMethodAccessorImpl.invoke0(Native Method)
	at sun.reflect.NativeMethodAccessorImpl.invoke(NativeMethodAccessorImpl.java:62)
	at sun.reflect.DelegatingMethodAccessorImpl.invoke(DelegatingMethodAccessorImpl.java:43)
	at java.lang.reflect.Method.invoke(Method.java:483)
	at org.testng.internal.MethodInvocationHelper.invokeMethod(MethodInvocationHelper.java:86)
	at org.testng.internal.Invoker.invokeMethod(Invoker.java:643)
	at org.testng.internal.Invoker.invokeTestMethod(Invoker.java:820)
	at org.testng.internal.Invoker.invokeTestMethods(Invoker.java:1128)
	at org.testng.internal.TestMethodWorker.invokeTestMethods(TestMethodWorker.java:129)
	at org.testng.internal.TestMethodWorker.run(TestMethodWorker.java:112)
	at org.testng.TestRunner.privateRun(TestRunner.java:782)
	at org.testng.TestRunner.run(TestRunner.java:632)
	at org.testng.SuiteRunner.runTest(SuiteRunner.java:366)
	at org.testng.SuiteRunner.runSequentially(SuiteRunner.java:361)
	at org.testng.SuiteRunner.privateRun(SuiteRunner.java:319)
	at org.testng.SuiteRunner.run(SuiteRunner.java:268)
	at org.testng.SuiteRunnerWorker.runSuite(SuiteRunnerWorker.java:52)
	at org.testng.SuiteRunnerWorker.run(SuiteRunnerWorker.java:86)
	at org.testng.TestNG.runSuitesSequentially(TestNG.java:1244)
	at org.testng.TestNG.runSuitesLocally(TestNG.java:1169)
	at org.testng.TestNG.run(TestNG.java:1064)
	at org.testng.remote.AbstractRemoteTestNG.run(AbstractRemoteTestNG.java:126)
	at org.testng.remote.RemoteTestNG.initAndRun(RemoteTestNG.java:152)
	at org.testng.remote.RemoteTestNG.main(RemoteTestNG.java:57)
</pre></div><a href='#' onClick='toggleBox("stack-trace2006034581", this, "Click to show all stack frames", "Click to hide stack frames")'>Click to show all stack frames</a>
<div class='stack-trace' id='stack-trace2006034581'><pre>java.lang.NullPointerException: IntArray must not be null.
	at java.util.Objects.requireNonNull(Objects.java:228)
	at com.codingopus.java.collect.IntArray.minus(IntArray.java:242)
	at com.codingopus.java.maths.IntArrayTest.intArray_minus_with_intarray_with_null(IntArrayTest.java:182)
	at sun.reflect.NativeMethodAccessorImpl.invoke0(Native Method)
	at sun.reflect.NativeMethodAccessorImpl.invoke(NativeMethodAccessorImpl.java:62)
	at sun.reflect.DelegatingMethodAccessorImpl.invoke(DelegatingMethodAccessorImpl.java:43)
	at java.lang.reflect.Method.invoke(Method.java:483)
	at org.testng.internal.MethodInvocationHelper.invokeMethod(MethodInvocationHelper.java:86)
	at org.testng.internal.Invoker.invokeMethod(Invoker.java:643)
	at org.testng.internal.Invoker.invokeTestMethod(Invoker.java:820)
	at org.testng.internal.Invoker.invokeTestMethods(Invoker.java:1128)
	at org.testng.internal.TestMethodWorker.invokeTestMethods(TestMethodWorker.java:129)
	at org.testng.internal.TestMethodWorker.run(TestMethodWorker.java:112)
	at org.testng.TestRunner.privateRun(TestRunner.java:782)
	at org.testng.TestRunner.run(TestRunner.java:632)
	at org.testng.SuiteRunner.runTest(SuiteRunner.java:366)
	at org.testng.SuiteRunner.runSequentially(SuiteRunner.java:361)
	at org.testng.SuiteRunner.privateRun(SuiteRunner.java:319)
	at org.testng.SuiteRunner.run(SuiteRunner.java:268)
	at org.testng.SuiteRunnerWorker.runSuite(SuiteRunnerWorker.java:52)
	at org.testng.SuiteRunnerWorker.run(SuiteRunnerWorker.java:86)
	at org.testng.TestNG.runSuitesSequentially(TestNG.java:1244)
	at org.testng.TestNG.runSuitesLocally(TestNG.java:1169)
	at org.testng.TestNG.run(TestNG.java:1064)
	at org.testng.remote.AbstractRemoteTestNG.run(AbstractRemoteTestNG.java:126)
	at org.testng.remote.RemoteTestNG.initAndRun(RemoteTestNG.java:152)
	at org.testng.remote.RemoteTestNG.main(RemoteTestNG.java:57)
</pre></div></td>
<td>0</td>
<td>com.codingopus.java.maths.IntArrayTest@b97c004</td></tr>
<tr>
<td title='com.codingopus.java.maths.IntArrayTest.intArray_minus_with_intarray_with_same_length()'><b>intArray_minus_with_intarray_with_same_length</b><br>Test class: com.codingopus.java.maths.IntArrayTest</td>
<td></td>
<td>0</td>
<td>com.codingopus.java.maths.IntArrayTest@b97c004</td></tr>
<tr>
<td title='com.codingopus.java.maths.IntArrayTest.intArray_multiply_with_factor()'><b>intArray_multiply_with_factor</b><br>Test class: com.codingopus.java.maths.IntArrayTest</td>
<td></td>
<td>0</td>
<td>com.codingopus.java.maths.IntArrayTest@b97c004</td></tr>
<tr>
<td title='com.codingopus.java.maths.IntArrayTest.intArray_multiply_with_intarray_with_different_length()'><b>intArray_multiply_with_intarray_with_different_length</b><br>Test class: com.codingopus.java.maths.IntArrayTest</td>
<td><div><pre>java.lang.IllegalArgumentException: Arrays must of same size.
	at com.codingopus.java.collect.IntArray.multiply(IntArray.java:276)
	at com.codingopus.java.maths.IntArrayTest.intArray_multiply_with_intarray_with_different_length(IntArrayTest.java:207)
	at sun.reflect.NativeMethodAccessorImpl.invoke0(Native Method)
	at sun.reflect.NativeMethodAccessorImpl.invoke(NativeMethodAccessorImpl.java:62)
	at sun.reflect.DelegatingMethodAccessorImpl.invoke(DelegatingMethodAccessorImpl.java:43)
	at java.lang.reflect.Method.invoke(Method.java:483)
	at org.testng.internal.MethodInvocationHelper.invokeMethod(MethodInvocationHelper.java:86)
	at org.testng.internal.Invoker.invokeMethod(Invoker.java:643)
	at org.testng.internal.Invoker.invokeTestMethod(Invoker.java:820)
	at org.testng.internal.Invoker.invokeTestMethods(Invoker.java:1128)
	at org.testng.internal.TestMethodWorker.invokeTestMethods(TestMethodWorker.java:129)
	at org.testng.internal.TestMethodWorker.run(TestMethodWorker.java:112)
	at org.testng.TestRunner.privateRun(TestRunner.java:782)
	at org.testng.TestRunner.run(TestRunner.java:632)
	at org.testng.SuiteRunner.runTest(SuiteRunner.java:366)
	at org.testng.SuiteRunner.runSequentially(SuiteRunner.java:361)
	at org.testng.SuiteRunner.privateRun(SuiteRunner.java:319)
	at org.testng.SuiteRunner.run(SuiteRunner.java:268)
	at org.testng.SuiteRunnerWorker.runSuite(SuiteRunnerWorker.java:52)
	at org.testng.SuiteRunnerWorker.run(SuiteRunnerWorker.java:86)
	at org.testng.TestNG.runSuitesSequentially(TestNG.java:1244)
	at org.testng.TestNG.runSuitesLocally(TestNG.java:1169)
	at org.testng.TestNG.run(TestNG.java:1064)
	at org.testng.remote.AbstractRemoteTestNG.run(AbstractRemoteTestNG.java:126)
	at org.testng.remote.RemoteTestNG.initAndRun(RemoteTestNG.java:152)
	at org.testng.remote.RemoteTestNG.main(RemoteTestNG.java:57)
</pre></div><a href='#' onClick='toggleBox("stack-trace1740189450", this, "Click to show all stack frames", "Click to hide stack frames")'>Click to show all stack frames</a>
<div class='stack-trace' id='stack-trace1740189450'><pre>java.lang.IllegalArgumentException: Arrays must of same size.
	at com.codingopus.java.collect.IntArray.multiply(IntArray.java:276)
	at com.codingopus.java.maths.IntArrayTest.intArray_multiply_with_intarray_with_different_length(IntArrayTest.java:207)
	at sun.reflect.NativeMethodAccessorImpl.invoke0(Native Method)
	at sun.reflect.NativeMethodAccessorImpl.invoke(NativeMethodAccessorImpl.java:62)
	at sun.reflect.DelegatingMethodAccessorImpl.invoke(DelegatingMethodAccessorImpl.java:43)
	at java.lang.reflect.Method.invoke(Method.java:483)
	at org.testng.internal.MethodInvocationHelper.invokeMethod(MethodInvocationHelper.java:86)
	at org.testng.internal.Invoker.invokeMethod(Invoker.java:643)
	at org.testng.internal.Invoker.invokeTestMethod(Invoker.java:820)
	at org.testng.internal.Invoker.invokeTestMethods(Invoker.java:1128)
	at org.testng.internal.TestMethodWorker.invokeTestMethods(TestMethodWorker.java:129)
	at org.testng.internal.TestMethodWorker.run(TestMethodWorker.java:112)
	at org.testng.TestRunner.privateRun(TestRunner.java:782)
	at org.testng.TestRunner.run(TestRunner.java:632)
	at org.testng.SuiteRunner.runTest(SuiteRunner.java:366)
	at org.testng.SuiteRunner.runSequentially(SuiteRunner.java:361)
	at org.testng.SuiteRunner.privateRun(SuiteRunner.java:319)
	at org.testng.SuiteRunner.run(SuiteRunner.java:268)
	at org.testng.SuiteRunnerWorker.runSuite(SuiteRunnerWorker.java:52)
	at org.testng.SuiteRunnerWorker.run(SuiteRunnerWorker.java:86)
	at org.testng.TestNG.runSuitesSequentially(TestNG.java:1244)
	at org.testng.TestNG.runSuitesLocally(TestNG.java:1169)
	at org.testng.TestNG.run(TestNG.java:1064)
	at org.testng.remote.AbstractRemoteTestNG.run(AbstractRemoteTestNG.java:126)
	at org.testng.remote.RemoteTestNG.initAndRun(RemoteTestNG.java:152)
	at org.testng.remote.RemoteTestNG.main(RemoteTestNG.java:57)
</pre></div></td>
<td>0</td>
<td>com.codingopus.java.maths.IntArrayTest@b97c004</td></tr>
<tr>
<td title='com.codingopus.java.maths.IntArrayTest.intArray_multiply_with_intarray_with_null()'><b>intArray_multiply_with_intarray_with_null</b><br>Test class: com.codingopus.java.maths.IntArrayTest</td>
<td><div><pre>java.lang.NullPointerException: IntArray must not be null.
	at java.util.Objects.requireNonNull(Objects.java:228)
	at com.codingopus.java.collect.IntArray.multiply(IntArray.java:274)
	at com.codingopus.java.maths.IntArrayTest.intArray_multiply_with_intarray_with_null(IntArrayTest.java:212)
	at sun.reflect.NativeMethodAccessorImpl.invoke0(Native Method)
	at sun.reflect.NativeMethodAccessorImpl.invoke(NativeMethodAccessorImpl.java:62)
	at sun.reflect.DelegatingMethodAccessorImpl.invoke(DelegatingMethodAccessorImpl.java:43)
	at java.lang.reflect.Method.invoke(Method.java:483)
	at org.testng.internal.MethodInvocationHelper.invokeMethod(MethodInvocationHelper.java:86)
	at org.testng.internal.Invoker.invokeMethod(Invoker.java:643)
	at org.testng.internal.Invoker.invokeTestMethod(Invoker.java:820)
	at org.testng.internal.Invoker.invokeTestMethods(Invoker.java:1128)
	at org.testng.internal.TestMethodWorker.invokeTestMethods(TestMethodWorker.java:129)
	at org.testng.internal.TestMethodWorker.run(TestMethodWorker.java:112)
	at org.testng.TestRunner.privateRun(TestRunner.java:782)
	at org.testng.TestRunner.run(TestRunner.java:632)
	at org.testng.SuiteRunner.runTest(SuiteRunner.java:366)
	at org.testng.SuiteRunner.runSequentially(SuiteRunner.java:361)
	at org.testng.SuiteRunner.privateRun(SuiteRunner.java:319)
	at org.testng.SuiteRunner.run(SuiteRunner.java:268)
	at org.testng.SuiteRunnerWorker.runSuite(SuiteRunnerWorker.java:52)
	at org.testng.SuiteRunnerWorker.run(SuiteRunnerWorker.java:86)
	at org.testng.TestNG.runSuitesSequentially(TestNG.java:1244)
	at org.testng.TestNG.runSuitesLocally(TestNG.java:1169)
	at org.testng.TestNG.run(TestNG.java:1064)
	at org.testng.remote.AbstractRemoteTestNG.run(AbstractRemoteTestNG.java:126)
	at org.testng.remote.RemoteTestNG.initAndRun(RemoteTestNG.java:152)
	at org.testng.remote.RemoteTestNG.main(RemoteTestNG.java:57)
</pre></div><a href='#' onClick='toggleBox("stack-trace1709366259", this, "Click to show all stack frames", "Click to hide stack frames")'>Click to show all stack frames</a>
<div class='stack-trace' id='stack-trace1709366259'><pre>java.lang.NullPointerException: IntArray must not be null.
	at java.util.Objects.requireNonNull(Objects.java:228)
	at com.codingopus.java.collect.IntArray.multiply(IntArray.java:274)
	at com.codingopus.java.maths.IntArrayTest.intArray_multiply_with_intarray_with_null(IntArrayTest.java:212)
	at sun.reflect.NativeMethodAccessorImpl.invoke0(Native Method)
	at sun.reflect.NativeMethodAccessorImpl.invoke(NativeMethodAccessorImpl.java:62)
	at sun.reflect.DelegatingMethodAccessorImpl.invoke(DelegatingMethodAccessorImpl.java:43)
	at java.lang.reflect.Method.invoke(Method.java:483)
	at org.testng.internal.MethodInvocationHelper.invokeMethod(MethodInvocationHelper.java:86)
	at org.testng.internal.Invoker.invokeMethod(Invoker.java:643)
	at org.testng.internal.Invoker.invokeTestMethod(Invoker.java:820)
	at org.testng.internal.Invoker.invokeTestMethods(Invoker.java:1128)
	at org.testng.internal.TestMethodWorker.invokeTestMethods(TestMethodWorker.java:129)
	at org.testng.internal.TestMethodWorker.run(TestMethodWorker.java:112)
	at org.testng.TestRunner.privateRun(TestRunner.java:782)
	at org.testng.TestRunner.run(TestRunner.java:632)
	at org.testng.SuiteRunner.runTest(SuiteRunner.java:366)
	at org.testng.SuiteRunner.runSequentially(SuiteRunner.java:361)
	at org.testng.SuiteRunner.privateRun(SuiteRunner.java:319)
	at org.testng.SuiteRunner.run(SuiteRunner.java:268)
	at org.testng.SuiteRunnerWorker.runSuite(SuiteRunnerWorker.java:52)
	at org.testng.SuiteRunnerWorker.run(SuiteRunnerWorker.java:86)
	at org.testng.TestNG.runSuitesSequentially(TestNG.java:1244)
	at org.testng.TestNG.runSuitesLocally(TestNG.java:1169)
	at org.testng.TestNG.run(TestNG.java:1064)
	at org.testng.remote.AbstractRemoteTestNG.run(AbstractRemoteTestNG.java:126)
	at org.testng.remote.RemoteTestNG.initAndRun(RemoteTestNG.java:152)
	at org.testng.remote.RemoteTestNG.main(RemoteTestNG.java:57)
</pre></div></td>
<td>0</td>
<td>com.codingopus.java.maths.IntArrayTest@b97c004</td></tr>
<tr>
<td title='com.codingopus.java.maths.IntArrayTest.intArray_multiply_with_intarray_with_same_length()'><b>intArray_multiply_with_intarray_with_same_length</b><br>Test class: com.codingopus.java.maths.IntArrayTest</td>
<td></td>
<td>0</td>
<td>com.codingopus.java.maths.IntArrayTest@b97c004</td></tr>
<tr>
<td title='com.codingopus.java.maths.IntArrayTest.intArray_ofValue_check()'><b>intArray_ofValue_check</b><br>Test class: com.codingopus.java.maths.IntArrayTest</td>
<td></td>
<td>0</td>
<td>com.codingopus.java.maths.IntArrayTest@b97c004</td></tr>
<tr>
<td title='com.codingopus.java.maths.IntArrayTest.intArray_ones_check()'><b>intArray_ones_check</b><br>Test class: com.codingopus.java.maths.IntArrayTest</td>
<td></td>
<td>0</td>
<td>com.codingopus.java.maths.IntArrayTest@b97c004</td></tr>
<tr>
<td title='com.codingopus.java.maths.IntArrayTest.intArray_plusAll()'><b>intArray_plusAll</b><br>Test class: com.codingopus.java.maths.IntArrayTest</td>
<td></td>
<td>0</td>
<td>com.codingopus.java.maths.IntArrayTest@b97c004</td></tr>
<tr>
<td title='com.codingopus.java.maths.IntArrayTest.intArray_plus_with_factor()'><b>intArray_plus_with_factor</b><br>Test class: com.codingopus.java.maths.IntArrayTest</td>
<td></td>
<td>0</td>
<td>com.codingopus.java.maths.IntArrayTest@b97c004</td></tr>
<tr>
<td title='com.codingopus.java.maths.IntArrayTest.intArray_plus_with_intarray_with_different_length()'><b>intArray_plus_with_intarray_with_different_length</b><br>Test class: com.codingopus.java.maths.IntArrayTest</td>
<td><div><pre>java.lang.IllegalArgumentException: Arrays must of same size.
	at com.codingopus.java.collect.IntArray.plus(IntArray.java:215)
	at com.codingopus.java.maths.IntArrayTest.intArray_plus_with_intarray_with_different_length(IntArrayTest.java:147)
	at sun.reflect.NativeMethodAccessorImpl.invoke0(Native Method)
	at sun.reflect.NativeMethodAccessorImpl.invoke(NativeMethodAccessorImpl.java:62)
	at sun.reflect.DelegatingMethodAccessorImpl.invoke(DelegatingMethodAccessorImpl.java:43)
	at java.lang.reflect.Method.invoke(Method.java:483)
	at org.testng.internal.MethodInvocationHelper.invokeMethod(MethodInvocationHelper.java:86)
	at org.testng.internal.Invoker.invokeMethod(Invoker.java:643)
	at org.testng.internal.Invoker.invokeTestMethod(Invoker.java:820)
	at org.testng.internal.Invoker.invokeTestMethods(Invoker.java:1128)
	at org.testng.internal.TestMethodWorker.invokeTestMethods(TestMethodWorker.java:129)
	at org.testng.internal.TestMethodWorker.run(TestMethodWorker.java:112)
	at org.testng.TestRunner.privateRun(TestRunner.java:782)
	at org.testng.TestRunner.run(TestRunner.java:632)
	at org.testng.SuiteRunner.runTest(SuiteRunner.java:366)
	at org.testng.SuiteRunner.runSequentially(SuiteRunner.java:361)
	at org.testng.SuiteRunner.privateRun(SuiteRunner.java:319)
	at org.testng.SuiteRunner.run(SuiteRunner.java:268)
	at org.testng.SuiteRunnerWorker.runSuite(SuiteRunnerWorker.java:52)
	at org.testng.SuiteRunnerWorker.run(SuiteRunnerWorker.java:86)
	at org.testng.TestNG.runSuitesSequentially(TestNG.java:1244)
	at org.testng.TestNG.runSuitesLocally(TestNG.java:1169)
	at org.testng.TestNG.run(TestNG.java:1064)
	at org.testng.remote.AbstractRemoteTestNG.run(AbstractRemoteTestNG.java:126)
	at org.testng.remote.RemoteTestNG.initAndRun(RemoteTestNG.java:152)
	at org.testng.remote.RemoteTestNG.main(RemoteTestNG.java:57)
</pre></div><a href='#' onClick='toggleBox("stack-trace1846412426", this, "Click to show all stack frames", "Click to hide stack frames")'>Click to show all stack frames</a>
<div class='stack-trace' id='stack-trace1846412426'><pre>java.lang.IllegalArgumentException: Arrays must of same size.
	at com.codingopus.java.collect.IntArray.plus(IntArray.java:215)
	at com.codingopus.java.maths.IntArrayTest.intArray_plus_with_intarray_with_different_length(IntArrayTest.java:147)
	at sun.reflect.NativeMethodAccessorImpl.invoke0(Native Method)
	at sun.reflect.NativeMethodAccessorImpl.invoke(NativeMethodAccessorImpl.java:62)
	at sun.reflect.DelegatingMethodAccessorImpl.invoke(DelegatingMethodAccessorImpl.java:43)
	at java.lang.reflect.Method.invoke(Method.java:483)
	at org.testng.internal.MethodInvocationHelper.invokeMethod(MethodInvocationHelper.java:86)
	at org.testng.internal.Invoker.invokeMethod(Invoker.java:643)
	at org.testng.internal.Invoker.invokeTestMethod(Invoker.java:820)
	at org.testng.internal.Invoker.invokeTestMethods(Invoker.java:1128)
	at org.testng.internal.TestMethodWorker.invokeTestMethods(TestMethodWorker.java:129)
	at org.testng.internal.TestMethodWorker.run(TestMethodWorker.java:112)
	at org.testng.TestRunner.privateRun(TestRunner.java:782)
	at org.testng.TestRunner.run(TestRunner.java:632)
	at org.testng.SuiteRunner.runTest(SuiteRunner.java:366)
	at org.testng.SuiteRunner.runSequentially(SuiteRunner.java:361)
	at org.testng.SuiteRunner.privateRun(SuiteRunner.java:319)
	at org.testng.SuiteRunner.run(SuiteRunner.java:268)
	at org.testng.SuiteRunnerWorker.runSuite(SuiteRunnerWorker.java:52)
	at org.testng.SuiteRunnerWorker.run(SuiteRunnerWorker.java:86)
	at org.testng.TestNG.runSuitesSequentially(TestNG.java:1244)
	at org.testng.TestNG.runSuitesLocally(TestNG.java:1169)
	at org.testng.TestNG.run(TestNG.java:1064)
	at org.testng.remote.AbstractRemoteTestNG.run(AbstractRemoteTestNG.java:126)
	at org.testng.remote.RemoteTestNG.initAndRun(RemoteTestNG.java:152)
	at org.testng.remote.RemoteTestNG.main(RemoteTestNG.java:57)
</pre></div></td>
<td>0</td>
<td>com.codingopus.java.maths.IntArrayTest@b97c004</td></tr>
<tr>
<td title='com.codingopus.java.maths.IntArrayTest.intArray_plus_with_intarray_with_null()'><b>intArray_plus_with_intarray_with_null</b><br>Test class: com.codingopus.java.maths.IntArrayTest</td>
<td><div><pre>java.lang.NullPointerException: IntArray must not be null.
	at java.util.Objects.requireNonNull(Objects.java:228)
	at com.codingopus.java.collect.IntArray.plus(IntArray.java:213)
	at com.codingopus.java.maths.IntArrayTest.intArray_plus_with_intarray_with_null(IntArrayTest.java:152)
	at sun.reflect.NativeMethodAccessorImpl.invoke0(Native Method)
	at sun.reflect.NativeMethodAccessorImpl.invoke(NativeMethodAccessorImpl.java:62)
	at sun.reflect.DelegatingMethodAccessorImpl.invoke(DelegatingMethodAccessorImpl.java:43)
	at java.lang.reflect.Method.invoke(Method.java:483)
	at org.testng.internal.MethodInvocationHelper.invokeMethod(MethodInvocationHelper.java:86)
	at org.testng.internal.Invoker.invokeMethod(Invoker.java:643)
	at org.testng.internal.Invoker.invokeTestMethod(Invoker.java:820)
	at org.testng.internal.Invoker.invokeTestMethods(Invoker.java:1128)
	at org.testng.internal.TestMethodWorker.invokeTestMethods(TestMethodWorker.java:129)
	at org.testng.internal.TestMethodWorker.run(TestMethodWorker.java:112)
	at org.testng.TestRunner.privateRun(TestRunner.java:782)
	at org.testng.TestRunner.run(TestRunner.java:632)
	at org.testng.SuiteRunner.runTest(SuiteRunner.java:366)
	at org.testng.SuiteRunner.runSequentially(SuiteRunner.java:361)
	at org.testng.SuiteRunner.privateRun(SuiteRunner.java:319)
	at org.testng.SuiteRunner.run(SuiteRunner.java:268)
	at org.testng.SuiteRunnerWorker.runSuite(SuiteRunnerWorker.java:52)
	at org.testng.SuiteRunnerWorker.run(SuiteRunnerWorker.java:86)
	at org.testng.TestNG.runSuitesSequentially(TestNG.java:1244)
	at org.testng.TestNG.runSuitesLocally(TestNG.java:1169)
	at org.testng.TestNG.run(TestNG.java:1064)
	at org.testng.remote.AbstractRemoteTestNG.run(AbstractRemoteTestNG.java:126)
	at org.testng.remote.RemoteTestNG.initAndRun(RemoteTestNG.java:152)
	at org.testng.remote.RemoteTestNG.main(RemoteTestNG.java:57)
</pre></div><a href='#' onClick='toggleBox("stack-trace1206883981", this, "Click to show all stack frames", "Click to hide stack frames")'>Click to show all stack frames</a>
<div class='stack-trace' id='stack-trace1206883981'><pre>java.lang.NullPointerException: IntArray must not be null.
	at java.util.Objects.requireNonNull(Objects.java:228)
	at com.codingopus.java.collect.IntArray.plus(IntArray.java:213)
	at com.codingopus.java.maths.IntArrayTest.intArray_plus_with_intarray_with_null(IntArrayTest.java:152)
	at sun.reflect.NativeMethodAccessorImpl.invoke0(Native Method)
	at sun.reflect.NativeMethodAccessorImpl.invoke(NativeMethodAccessorImpl.java:62)
	at sun.reflect.DelegatingMethodAccessorImpl.invoke(DelegatingMethodAccessorImpl.java:43)
	at java.lang.reflect.Method.invoke(Method.java:483)
	at org.testng.internal.MethodInvocationHelper.invokeMethod(MethodInvocationHelper.java:86)
	at org.testng.internal.Invoker.invokeMethod(Invoker.java:643)
	at org.testng.internal.Invoker.invokeTestMethod(Invoker.java:820)
	at org.testng.internal.Invoker.invokeTestMethods(Invoker.java:1128)
	at org.testng.internal.TestMethodWorker.invokeTestMethods(TestMethodWorker.java:129)
	at org.testng.internal.TestMethodWorker.run(TestMethodWorker.java:112)
	at org.testng.TestRunner.privateRun(TestRunner.java:782)
	at org.testng.TestRunner.run(TestRunner.java:632)
	at org.testng.SuiteRunner.runTest(SuiteRunner.java:366)
	at org.testng.SuiteRunner.runSequentially(SuiteRunner.java:361)
	at org.testng.SuiteRunner.privateRun(SuiteRunner.java:319)
	at org.testng.SuiteRunner.run(SuiteRunner.java:268)
	at org.testng.SuiteRunnerWorker.runSuite(SuiteRunnerWorker.java:52)
	at org.testng.SuiteRunnerWorker.run(SuiteRunnerWorker.java:86)
	at org.testng.TestNG.runSuitesSequentially(TestNG.java:1244)
	at org.testng.TestNG.runSuitesLocally(TestNG.java:1169)
	at org.testng.TestNG.run(TestNG.java:1064)
	at org.testng.remote.AbstractRemoteTestNG.run(AbstractRemoteTestNG.java:126)
	at org.testng.remote.RemoteTestNG.initAndRun(RemoteTestNG.java:152)
	at org.testng.remote.RemoteTestNG.main(RemoteTestNG.java:57)
</pre></div></td>
<td>0</td>
<td>com.codingopus.java.maths.IntArrayTest@b97c004</td></tr>
<tr>
<td title='com.codingopus.java.maths.IntArrayTest.intArray_plus_with_intarray_with_same_length()'><b>intArray_plus_with_intarray_with_same_length</b><br>Test class: com.codingopus.java.maths.IntArrayTest</td>
<td></td>
<td>0</td>
<td>com.codingopus.java.maths.IntArrayTest@b97c004</td></tr>
<tr>
<td title='com.codingopus.java.maths.IntArrayTest.intArray_reverse()'><b>intArray_reverse</b><br>Test class: com.codingopus.java.maths.IntArrayTest</td>
<td></td>
<td>0</td>
<td>com.codingopus.java.maths.IntArrayTest@b97c004</td></tr>
<tr>
<td title='com.codingopus.java.maths.IntArrayTest.intArray_shuffle()'><b>intArray_shuffle</b><br>Test class: com.codingopus.java.maths.IntArrayTest</td>
<td></td>
<td>0</td>
<td>com.codingopus.java.maths.IntArrayTest@b97c004</td></tr>
<tr>
<td title='com.codingopus.java.maths.IntArrayTest.intArray_size()'><b>intArray_size</b><br>Test class: com.codingopus.java.maths.IntArrayTest</td>
<td></td>
<td>0</td>
<td>com.codingopus.java.maths.IntArrayTest@b97c004</td></tr>
<tr>
<td title='com.codingopus.java.maths.IntArrayTest.intArray_size_check()'><b>intArray_size_check</b><br>Test class: com.codingopus.java.maths.IntArrayTest</td>
<td></td>
<td>0</td>
<td>com.codingopus.java.maths.IntArrayTest@b97c004</td></tr>
<tr>
<td title='com.codingopus.java.maths.IntArrayTest.intArray_sort()'><b>intArray_sort</b><br>Test class: com.codingopus.java.maths.IntArrayTest</td>
<td></td>
<td>0</td>
<td>com.codingopus.java.maths.IntArrayTest@b97c004</td></tr>
<tr>
<td title='com.codingopus.java.maths.IntArrayTest.intArray_sum()'><b>intArray_sum</b><br>Test class: com.codingopus.java.maths.IntArrayTest</td>
<td></td>
<td>0</td>
<td>com.codingopus.java.maths.IntArrayTest@b97c004</td></tr>
<tr>
<td title='com.codingopus.java.maths.IntArrayTest.intArray_toArray()'><b>intArray_toArray</b><br>Test class: com.codingopus.java.maths.IntArrayTest</td>
<td></td>
<td>0</td>
<td>com.codingopus.java.maths.IntArrayTest@b97c004</td></tr>
<tr>
<td title='com.codingopus.java.maths.IntArrayTest.intArray_varargs_check()'><b>intArray_varargs_check</b><br>Test class: com.codingopus.java.maths.IntArrayTest</td>
<td><div><pre>java.lang.NullPointerException
	at java.util.Objects.requireNonNull(Objects.java:203)
	at com.codingopus.java.collect.IntArray.of(IntArray.java:45)
	at com.codingopus.java.maths.IntArrayTest.intArray_varargs_check(IntArrayTest.java:63)
	at sun.reflect.NativeMethodAccessorImpl.invoke0(Native Method)
	at sun.reflect.NativeMethodAccessorImpl.invoke(NativeMethodAccessorImpl.java:62)
	at sun.reflect.DelegatingMethodAccessorImpl.invoke(DelegatingMethodAccessorImpl.java:43)
	at java.lang.reflect.Method.invoke(Method.java:483)
	at org.testng.internal.MethodInvocationHelper.invokeMethod(MethodInvocationHelper.java:86)
	at org.testng.internal.Invoker.invokeMethod(Invoker.java:643)
	at org.testng.internal.Invoker.invokeTestMethod(Invoker.java:820)
	at org.testng.internal.Invoker.invokeTestMethods(Invoker.java:1128)
	at org.testng.internal.TestMethodWorker.invokeTestMethods(TestMethodWorker.java:129)
	at org.testng.internal.TestMethodWorker.run(TestMethodWorker.java:112)
	at org.testng.TestRunner.privateRun(TestRunner.java:782)
	at org.testng.TestRunner.run(TestRunner.java:632)
	at org.testng.SuiteRunner.runTest(SuiteRunner.java:366)
	at org.testng.SuiteRunner.runSequentially(SuiteRunner.java:361)
	at org.testng.SuiteRunner.privateRun(SuiteRunner.java:319)
	at org.testng.SuiteRunner.run(SuiteRunner.java:268)
	at org.testng.SuiteRunnerWorker.runSuite(SuiteRunnerWorker.java:52)
	at org.testng.SuiteRunnerWorker.run(SuiteRunnerWorker.java:86)
	at org.testng.TestNG.runSuitesSequentially(TestNG.java:1244)
	at org.testng.TestNG.runSuitesLocally(TestNG.java:1169)
	at org.testng.TestNG.run(TestNG.java:1064)
	at org.testng.remote.AbstractRemoteTestNG.run(AbstractRemoteTestNG.java:126)
	at org.testng.remote.RemoteTestNG.initAndRun(RemoteTestNG.java:152)
	at org.testng.remote.RemoteTestNG.main(RemoteTestNG.java:57)
</pre></div><a href='#' onClick='toggleBox("stack-trace523691575", this, "Click to show all stack frames", "Click to hide stack frames")'>Click to show all stack frames</a>
<div class='stack-trace' id='stack-trace523691575'><pre>java.lang.NullPointerException
	at java.util.Objects.requireNonNull(Objects.java:203)
	at com.codingopus.java.collect.IntArray.of(IntArray.java:45)
	at com.codingopus.java.maths.IntArrayTest.intArray_varargs_check(IntArrayTest.java:63)
	at sun.reflect.NativeMethodAccessorImpl.invoke0(Native Method)
	at sun.reflect.NativeMethodAccessorImpl.invoke(NativeMethodAccessorImpl.java:62)
	at sun.reflect.DelegatingMethodAccessorImpl.invoke(DelegatingMethodAccessorImpl.java:43)
	at java.lang.reflect.Method.invoke(Method.java:483)
	at org.testng.internal.MethodInvocationHelper.invokeMethod(MethodInvocationHelper.java:86)
	at org.testng.internal.Invoker.invokeMethod(Invoker.java:643)
	at org.testng.internal.Invoker.invokeTestMethod(Invoker.java:820)
	at org.testng.internal.Invoker.invokeTestMethods(Invoker.java:1128)
	at org.testng.internal.TestMethodWorker.invokeTestMethods(TestMethodWorker.java:129)
	at org.testng.internal.TestMethodWorker.run(TestMethodWorker.java:112)
	at org.testng.TestRunner.privateRun(TestRunner.java:782)
	at org.testng.TestRunner.run(TestRunner.java:632)
	at org.testng.SuiteRunner.runTest(SuiteRunner.java:366)
	at org.testng.SuiteRunner.runSequentially(SuiteRunner.java:361)
	at org.testng.SuiteRunner.privateRun(SuiteRunner.java:319)
	at org.testng.SuiteRunner.run(SuiteRunner.java:268)
	at org.testng.SuiteRunnerWorker.runSuite(SuiteRunnerWorker.java:52)
	at org.testng.SuiteRunnerWorker.run(SuiteRunnerWorker.java:86)
	at org.testng.TestNG.runSuitesSequentially(TestNG.java:1244)
	at org.testng.TestNG.runSuitesLocally(TestNG.java:1169)
	at org.testng.TestNG.run(TestNG.java:1064)
	at org.testng.remote.AbstractRemoteTestNG.run(AbstractRemoteTestNG.java:126)
	at org.testng.remote.RemoteTestNG.initAndRun(RemoteTestNG.java:152)
	at org.testng.remote.RemoteTestNG.main(RemoteTestNG.java:57)
</pre></div></td>
<td>0</td>
<td>com.codingopus.java.maths.IntArrayTest@b97c004</td></tr>
<tr>
<td title='com.codingopus.java.maths.IntArrayTest.intArray_varargs_check_1()'><b>intArray_varargs_check_1</b><br>Test class: com.codingopus.java.maths.IntArrayTest</td>
<td></td>
<td>0</td>
<td>com.codingopus.java.maths.IntArrayTest@b97c004</td></tr>
<tr>
<td title='com.codingopus.java.maths.IntArrayTest.intArray_zeros_check()'><b>intArray_zeros_check</b><br>Test class: com.codingopus.java.maths.IntArrayTest</td>
<td></td>
<td>0</td>
<td>com.codingopus.java.maths.IntArrayTest@b97c004</td></tr>
</table><p>
</body>
</html>