<!DOCTYPE html PUBLIC "-//W3C//DTD XHTML 1.1//EN" "http://www.w3.org/TR/xhtml11/DTD/xhtml11.dtd">
<html xmlns="http://www.w3.org/1999/xhtml"><head><title>TestNG Report</title><style type="text/css">table {margin-bottom:10px;border-collapse:collapse;empty-cells:show}th,td {border:1px solid #009;padding:.25em .5em}th {vertical-align:bottom}td {vertical-align:top}table a {font-weight:bold}.stripe td {background-color: #E6EBF9}.num {text-align:right}.passedodd td {background-color: #3F3}.passedeven td {background-color: #0A0}.skippedodd td {background-color: #DDD}.skippedeven td {background-color: #CCC}.failedodd td,.attn {background-color: #F33}.failedeven td,.stripe .attn {background-color: #D00}.stacktrace {white-space:pre;font-family:monospace}.totop {font-size:85%;text-align:center;border-bottom:2px solid #000}</style></head><body><table><tr><th>Test</th><th># Passed</th><th># Skipped</th><th># Failed</th><th>Time (ms)</th><th>Included Groups</th><th>Excluded Groups</th></tr><tr><th colspan="7">Default suite</th></tr><tr><td><a href="#t0">Default test</a></td><td class="num">52</td><td class="num">0</td><td class="num">0</td><td class="num">437</td><td></td><td></td></tr></table><table><thead><tr><th>Class</th><th>Method</th><th>Start</th><th>Time (ms)</th></tr></thead><tbody><tr><th colspan="4">Default suite</th></tr></tbody><tbody id="t0"><tr><th colspan="4">Default test &#8212; passed</th></tr><tr class="passedeven"><td rowspan="52">com.codingopus.java.maths.IntArrayTest</td><td><a href="#m0">intArray_VALUE_check</a></td><td rowspan="1">1475992442721</td><td rowspan="1">15</td></tr><tr class="passedeven"><td><a href="#m1">intArray_add</a></td><td rowspan="1">1475992442752</td><td rowspan="1">0</td></tr><tr class="passedeven"><td><a href="#m2">intArray_addAll</a></td><td rowspan="1">1475992442752</td><td rowspan="1">94</td></tr><tr class="passedeven"><td><a href="#m3">intArray_addAll_arrays</a></td><td rowspan="1">1475992442846</td><td rowspan="1">0</td></tr><tr class="passedeven"><td><a href="#m4">intArray_addAll_intarray</a></td><td rowspan="1">1475992442846</td><td rowspan="1">15</td></tr><tr class="passedeven"><td><a href="#m5">intArray_addAll_with_null</a></td><td rowspan="1">1475992442861</td><td rowspan="1">0</td></tr><tr class="passedeven"><td><a href="#m6">intArray_add_3arrays_distict</a></td><td rowspan="1">1475992442861</td><td rowspan="1">16</td></tr><tr class="passedeven"><td><a href="#m7">intArray_add_with_index</a></td><td rowspan="1">1475992442877</td><td rowspan="1">0</td></tr><tr class="passedeven"><td><a href="#m8">intArray_clear</a></td><td rowspan="1">1475992442877</td><td rowspan="1">15</td></tr><tr class="passedeven"><td><a href="#m9">intArray_collection</a></td><td rowspan="1">1475992442892</td><td rowspan="1">0</td></tr><tr class="passedeven"><td><a href="#m10">intArray_contains_intArray</a></td><td rowspan="1">1475992442892</td><td rowspan="1">0</td></tr><tr class="passedeven"><td><a href="#m11">intArray_contains_value</a></td><td rowspan="1">1475992442892</td><td rowspan="1">16</td></tr><tr class="passedeven"><td><a href="#m12">intArray_distinct</a></td><td rowspan="1">1475992442908</td><td rowspan="1">0</td></tr><tr class="passedeven"><td><a href="#m13">intArray_distinct_sorted_add_reverse</a></td><td rowspan="1">1475992442908</td><td rowspan="1">16</td></tr><tr class="passedeven"><td><a href="#m14">intArray_divide_with_factor</a></td><td rowspan="1">1475992442924</td><td rowspan="1">0</td></tr><tr class="passedeven"><td><a href="#m15">intArray_divide_with_intarray_with_different_length</a></td><td rowspan="1">1475992442924</td><td rowspan="1">0</td></tr><tr class="passedeven"><td><a href="#m16">intArray_divide_with_intarray_with_null</a></td><td rowspan="1">1475992442939</td><td rowspan="1">0</td></tr><tr class="passedeven"><td><a href="#m17">intArray_divide_with_intarray_with_same_length</a></td><td rowspan="1">1475992442939</td><td rowspan="1">0</td></tr><tr class="passedeven"><td><a href="#m18">intArray_evens</a></td><td rowspan="1">1475992442939</td><td rowspan="1">0</td></tr><tr class="passedeven"><td><a href="#m19">intArray_get</a></td><td rowspan="1">1475992442955</td><td rowspan="1">0</td></tr><tr class="passedeven"><td><a href="#m20">intArray_get_exception</a></td><td rowspan="1">1475992442955</td><td rowspan="1">0</td></tr><tr class="passedeven"><td><a href="#m21">intArray_hashcode_equals</a></td><td rowspan="1">1475992442955</td><td rowspan="1">0</td></tr><tr class="passedeven"><td><a href="#m22">intArray_indexOf</a></td><td rowspan="1">1475992442955</td><td rowspan="1">16</td></tr><tr class="passedeven"><td><a href="#m23">intArray_isEmpty</a></td><td rowspan="1">1475992442971</td><td rowspan="1">0</td></tr><tr class="passedeven"><td><a href="#m24">intArray_lastIndexOf</a></td><td rowspan="1">1475992442986</td><td rowspan="1">0</td></tr><tr class="passedeven"><td><a href="#m25">intArray_max</a></td><td rowspan="1">1475992442986</td><td rowspan="1">16</td></tr><tr class="passedeven"><td><a href="#m26">intArray_min</a></td><td rowspan="1">1475992443002</td><td rowspan="1">0</td></tr><tr class="passedeven"><td><a href="#m27">intArray_minus_with_factor</a></td><td rowspan="1">1475992443002</td><td rowspan="1">0</td></tr><tr class="passedeven"><td><a href="#m28">intArray_minus_with_intarray_with_different_length</a></td><td rowspan="1">1475992443017</td><td rowspan="1">0</td></tr><tr class="passedeven"><td><a href="#m29">intArray_minus_with_intarray_with_null</a></td><td rowspan="1">1475992443017</td><td rowspan="1">0</td></tr><tr class="passedeven"><td><a href="#m30">intArray_minus_with_intarray_with_same_length</a></td><td rowspan="1">1475992443017</td><td rowspan="1">0</td></tr><tr class="passedeven"><td><a href="#m31">intArray_multiply_with_factor</a></td><td rowspan="1">1475992443017</td><td rowspan="1">16</td></tr><tr class="passedeven"><td><a href="#m32">intArray_multiply_with_intarray_with_different_length</a></td><td rowspan="1">1475992443033</td><td rowspan="1">0</td></tr><tr class="passedeven"><td><a href="#m33">intArray_multiply_with_intarray_with_null</a></td><td rowspan="1">1475992443049</td><td rowspan="1">0</td></tr><tr class="passedeven"><td><a href="#m34">intArray_multiply_with_intarray_with_same_length</a></td><td rowspan="1">1475992443049</td><td rowspan="1">0</td></tr><tr class="passedeven"><td><a href="#m35">intArray_ofValue_check</a></td><td rowspan="1">1475992443049</td><td rowspan="1">0</td></tr><tr class="passedeven"><td><a href="#m36">intArray_ones_check</a></td><td rowspan="1">1475992443049</td><td rowspan="1">15</td></tr><tr class="passedeven"><td><a href="#m37">intArray_plusAll</a></td><td rowspan="1">1475992443064</td><td rowspan="1">0</td></tr><tr class="passedeven"><td><a href="#m38">intArray_plus_with_factor</a></td><td rowspan="1">1475992443064</td><td rowspan="1">0</td></tr><tr class="passedeven"><td><a href="#m39">intArray_plus_with_intarray_with_different_length</a></td><td rowspan="1">1475992443064</td><td rowspan="1">0</td></tr><tr class="passedeven"><td><a href="#m40">intArray_plus_with_intarray_with_null</a></td><td rowspan="1">1475992443064</td><td rowspan="1">16</td></tr><tr class="passedeven"><td><a href="#m41">intArray_plus_with_intarray_with_same_length</a></td><td rowspan="1">1475992443080</td><td rowspan="1">0</td></tr><tr class="passedeven"><td><a href="#m42">intArray_reverse</a></td><td rowspan="1">1475992443080</td><td rowspan="1">0</td></tr><tr class="passedeven"><td><a href="#m43">intArray_shuffle</a></td><td rowspan="1">1475992443080</td><td rowspan="1">0</td></tr><tr class="passedeven"><td><a href="#m44">intArray_size</a></td><td rowspan="1">1475992443096</td><td rowspan="1">0</td></tr><tr class="passedeven"><td><a href="#m45">intArray_size_check</a></td><td rowspan="1">1475992443096</td><td rowspan="1">0</td></tr><tr class="passedeven"><td><a href="#m46">intArray_sort</a></td><td rowspan="1">1475992443096</td><td rowspan="1">0</td></tr><tr class="passedeven"><td><a href="#m47">intArray_sum</a></td><td rowspan="1">1475992443096</td><td rowspan="1">0</td></tr><tr class="passedeven"><td><a href="#m48">intArray_toArray</a></td><td rowspan="1">1475992443111</td><td rowspan="1">0</td></tr><tr class="passedeven"><td><a href="#m49">intArray_varargs_check</a></td><td rowspan="1">1475992443111</td><td rowspan="1">0</td></tr><tr class="passedeven"><td><a href="#m50">intArray_varargs_check_1</a></td><td rowspan="1">1475992443127</td><td rowspan="1">0</td></tr><tr class="passedeven"><td><a href="#m51">intArray_zeros_check</a></td><td rowspan="1">1475992443127</td><td rowspan="1">0</td></tr></tbody></table><h2>Default test</h2><h3 id="m0">com.codingopus.java.maths.IntArrayTest#intArray_VALUE_check</h3><table class="result"></table><p class="totop"><a href="#summary">back to summary</a></p><h3 id="m1">com.codingopus.java.maths.IntArrayTest#intArray_add</h3><table class="result"></table><p class="totop"><a href="#summary">back to summary</a></p><h3 id="m2">com.codingopus.java.maths.IntArrayTest#intArray_addAll</h3><table class="result"></table><p class="totop"><a href="#summary">back to summary</a></p><h3 id="m3">com.codingopus.java.maths.IntArrayTest#intArray_addAll_arrays</h3><table class="result"></table><p class="totop"><a href="#summary">back to summary</a></p><h3 id="m4">com.codingopus.java.maths.IntArrayTest#intArray_addAll_intarray</h3><table class="result"></table><p class="totop"><a href="#summary">back to summary</a></p><h3 id="m5">com.codingopus.java.maths.IntArrayTest#intArray_addAll_with_null</h3><table class="result"><tr><th>Expected Exception</th></tr><tr><td><div class="stacktrace">java.lang.NullPointerException
	at com.codingopus.java.collect.IntArray.lambda$1(IntArray.java:140)
	at com.codingopus.java.collect.IntArray$$Lambda$1/1234776885.applyAsInt(Unknown Source)
	at java.util.stream.ReferencePipeline$4$1.accept(ReferencePipeline.java:210)
	at java.util.Spliterators$ArraySpliterator.forEachRemaining(Spliterators.java:948)
	at java.util.stream.AbstractPipeline.copyInto(AbstractPipeline.java:512)
	at java.util.stream.AbstractPipeline.wrapAndCopyInto(AbstractPipeline.java:502)
	at java.util.stream.AbstractPipeline.evaluate(AbstractPipeline.java:576)
	at java.util.stream.AbstractPipeline.evaluateToArrayNode(AbstractPipeline.java:255)
	at java.util.stream.IntPipeline.toArray(IntPipeline.java:502)
	at com.codingopus.java.collect.IntArray.addAll(IntArray.java:140)
	at com.codingopus.java.maths.IntArrayTest.intArray_addAll_with_null(IntArrayTest.java:116)
	at sun.reflect.NativeMethodAccessorImpl.invoke0(Native Method)
	at sun.reflect.NativeMethodAccessorImpl.invoke(NativeMethodAccessorImpl.java:62)
	at sun.reflect.DelegatingMethodAccessorImpl.invoke(DelegatingMethodAccessorImpl.java:43)
	at java.lang.reflect.Method.invoke(Method.java:483)
	at org.testng.internal.MethodInvocationHelper.invokeMethod(MethodInvocationHelper.java:86)
	at org.testng.internal.Invoker.invokeMethod(Invoker.java:643)
	at org.testng.internal.Invoker.invokeTestMethod(Invoker.java:820)
	at org.testng.internal.Invoker.invokeTestMethods(Invoker.java:1128)
	at org.testng.internal.TestMethodWorker.invokeTestMethods(TestMethodWorker.java:129)
	at org.testng.internal.TestMethodWorker.run(TestMethodWorker.java:112)
	at org.testng.TestRunner.privateRun(TestRunner.java:782)
	at org.testng.TestRunner.run(TestRunner.java:632)
	at org.testng.SuiteRunner.runTest(SuiteRunner.java:366)
	at org.testng.SuiteRunner.runSequentially(SuiteRunner.java:361)
	at org.testng.SuiteRunner.privateRun(SuiteRunner.java:319)
	at org.testng.SuiteRunner.run(SuiteRunner.java:268)
	at org.testng.SuiteRunnerWorker.runSuite(SuiteRunnerWorker.java:52)
	at org.testng.SuiteRunnerWorker.run(SuiteRunnerWorker.java:86)
	at org.testng.TestNG.runSuitesSequentially(TestNG.java:1244)
	at org.testng.TestNG.runSuitesLocally(TestNG.java:1169)
	at org.testng.TestNG.run(TestNG.java:1064)
	at org.testng.remote.AbstractRemoteTestNG.run(AbstractRemoteTestNG.java:126)
	at org.testng.remote.RemoteTestNG.initAndRun(RemoteTestNG.java:152)
	at org.testng.remote.RemoteTestNG.main(RemoteTestNG.java:57)
</div></td></tr></table><p class="totop"><a href="#summary">back to summary</a></p><h3 id="m6">com.codingopus.java.maths.IntArrayTest#intArray_add_3arrays_distict</h3><table class="result"></table><p class="totop"><a href="#summary">back to summary</a></p><h3 id="m7">com.codingopus.java.maths.IntArrayTest#intArray_add_with_index</h3><table class="result"></table><p class="totop"><a href="#summary">back to summary</a></p><h3 id="m8">com.codingopus.java.maths.IntArrayTest#intArray_clear</h3><table class="result"></table><p class="totop"><a href="#summary">back to summary</a></p><h3 id="m9">com.codingopus.java.maths.IntArrayTest#intArray_collection</h3><table class="result"></table><p class="totop"><a href="#summary">back to summary</a></p><h3 id="m10">com.codingopus.java.maths.IntArrayTest#intArray_contains_intArray</h3><table class="result"></table><p class="totop"><a href="#summary">back to summary</a></p><h3 id="m11">com.codingopus.java.maths.IntArrayTest#intArray_contains_value</h3><table class="result"></table><p class="totop"><a href="#summary">back to summary</a></p><h3 id="m12">com.codingopus.java.maths.IntArrayTest#intArray_distinct</h3><table class="result"></table><p class="totop"><a href="#summary">back to summary</a></p><h3 id="m13">com.codingopus.java.maths.IntArrayTest#intArray_distinct_sorted_add_reverse</h3><table class="result"></table><p class="totop"><a href="#summary">back to summary</a></p><h3 id="m14">com.codingopus.java.maths.IntArrayTest#intArray_divide_with_factor</h3><table class="result"></table><p class="totop"><a href="#summary">back to summary</a></p><h3 id="m15">com.codingopus.java.maths.IntArrayTest#intArray_divide_with_intarray_with_different_length</h3><table class="result"><tr><th>Expected Exception</th></tr><tr><td><div class="stacktrace">java.lang.IllegalArgumentException: Arrays must of same size.
	at com.codingopus.java.collect.IntArray.divide(IntArray.java:315)
	at com.codingopus.java.maths.IntArrayTest.intArray_divide_with_intarray_with_different_length(IntArrayTest.java:237)
	at sun.reflect.NativeMethodAccessorImpl.invoke0(Native Method)
	at sun.reflect.NativeMethodAccessorImpl.invoke(NativeMethodAccessorImpl.java:62)
	at sun.reflect.DelegatingMethodAccessorImpl.invoke(DelegatingMethodAccessorImpl.java:43)
	at java.lang.reflect.Method.invoke(Method.java:483)
	at org.testng.internal.MethodInvocationHelper.invokeMethod(MethodInvocationHelper.java:86)
	at org.testng.internal.Invoker.invokeMethod(Invoker.java:643)
	at org.testng.internal.Invoker.invokeTestMethod(Invoker.java:820)
	at org.testng.internal.Invoker.invokeTestMethods(Invoker.java:1128)
	at org.testng.internal.TestMethodWorker.invokeTestMethods(TestMethodWorker.java:129)
	at org.testng.internal.TestMethodWorker.run(TestMethodWorker.java:112)
	at org.testng.TestRunner.privateRun(TestRunner.java:782)
	at org.testng.TestRunner.run(TestRunner.java:632)
	at org.testng.SuiteRunner.runTest(SuiteRunner.java:366)
	at org.testng.SuiteRunner.runSequentially(SuiteRunner.java:361)
	at org.testng.SuiteRunner.privateRun(SuiteRunner.java:319)
	at org.testng.SuiteRunner.run(SuiteRunner.java:268)
	at org.testng.SuiteRunnerWorker.runSuite(SuiteRunnerWorker.java:52)
	at org.testng.SuiteRunnerWorker.run(SuiteRunnerWorker.java:86)
	at org.testng.TestNG.runSuitesSequentially(TestNG.java:1244)
	at org.testng.TestNG.runSuitesLocally(TestNG.java:1169)
	at org.testng.TestNG.run(TestNG.java:1064)
	at org.testng.remote.AbstractRemoteTestNG.run(AbstractRemoteTestNG.java:126)
	at org.testng.remote.RemoteTestNG.initAndRun(RemoteTestNG.java:152)
	at org.testng.remote.RemoteTestNG.main(RemoteTestNG.java:57)
</div></td></tr></table><p class="totop"><a href="#summary">back to summary</a></p><h3 id="m16">com.codingopus.java.maths.IntArrayTest#intArray_divide_with_intarray_with_null</h3><table class="result"><tr><th>Expected Exception</th></tr><tr><td><div class="stacktrace">java.lang.NullPointerException: IntArray must not be null.
	at java.util.Objects.requireNonNull(Objects.java:228)
	at com.codingopus.java.collect.IntArray.divide(IntArray.java:313)
	at com.codingopus.java.maths.IntArrayTest.intArray_divide_with_intarray_with_null(IntArrayTest.java:242)
	at sun.reflect.NativeMethodAccessorImpl.invoke0(Native Method)
	at sun.reflect.NativeMethodAccessorImpl.invoke(NativeMethodAccessorImpl.java:62)
	at sun.reflect.DelegatingMethodAccessorImpl.invoke(DelegatingMethodAccessorImpl.java:43)
	at java.lang.reflect.Method.invoke(Method.java:483)
	at org.testng.internal.MethodInvocationHelper.invokeMethod(MethodInvocationHelper.java:86)
	at org.testng.internal.Invoker.invokeMethod(Invoker.java:643)
	at org.testng.internal.Invoker.invokeTestMethod(Invoker.java:820)
	at org.testng.internal.Invoker.invokeTestMethods(Invoker.java:1128)
	at org.testng.internal.TestMethodWorker.invokeTestMethods(TestMethodWorker.java:129)
	at org.testng.internal.TestMethodWorker.run(TestMethodWorker.java:112)
	at org.testng.TestRunner.privateRun(TestRunner.java:782)
	at org.testng.TestRunner.run(TestRunner.java:632)
	at org.testng.SuiteRunner.runTest(SuiteRunner.java:366)
	at org.testng.SuiteRunner.runSequentially(SuiteRunner.java:361)
	at org.testng.SuiteRunner.privateRun(SuiteRunner.java:319)
	at org.testng.SuiteRunner.run(SuiteRunner.java:268)
	at org.testng.SuiteRunnerWorker.runSuite(SuiteRunnerWorker.java:52)
	at org.testng.SuiteRunnerWorker.run(SuiteRunnerWorker.java:86)
	at org.testng.TestNG.runSuitesSequentially(TestNG.java:1244)
	at org.testng.TestNG.runSuitesLocally(TestNG.java:1169)
	at org.testng.TestNG.run(TestNG.java:1064)
	at org.testng.remote.AbstractRemoteTestNG.run(AbstractRemoteTestNG.java:126)
	at org.testng.remote.RemoteTestNG.initAndRun(RemoteTestNG.java:152)
	at org.testng.remote.RemoteTestNG.main(RemoteTestNG.java:57)
</div></td></tr></table><p class="totop"><a href="#summary">back to summary</a></p><h3 id="m17">com.codingopus.java.maths.IntArrayTest#intArray_divide_with_intarray_with_same_length</h3><table class="result"></table><p class="totop"><a href="#summary">back to summary</a></p><h3 id="m18">com.codingopus.java.maths.IntArrayTest#intArray_evens</h3><table class="result"></table><p class="totop"><a href="#summary">back to summary</a></p><h3 id="m19">com.codingopus.java.maths.IntArrayTest#intArray_get</h3><table class="result"></table><p class="totop"><a href="#summary">back to summary</a></p><h3 id="m20">com.codingopus.java.maths.IntArrayTest#intArray_get_exception</h3><table class="result"><tr><th>Expected Exception</th></tr><tr><td><div class="stacktrace">java.lang.IndexOutOfBoundsException: Index 100, Size: 4
	at com.codingopus.java.collect.IntArray.get(IntArray.java:578)
	at com.codingopus.java.maths.IntArrayTest.intArray_get_exception(IntArrayTest.java:315)
	at sun.reflect.NativeMethodAccessorImpl.invoke0(Native Method)
	at sun.reflect.NativeMethodAccessorImpl.invoke(NativeMethodAccessorImpl.java:62)
	at sun.reflect.DelegatingMethodAccessorImpl.invoke(DelegatingMethodAccessorImpl.java:43)
	at java.lang.reflect.Method.invoke(Method.java:483)
	at org.testng.internal.MethodInvocationHelper.invokeMethod(MethodInvocationHelper.java:86)
	at org.testng.internal.Invoker.invokeMethod(Invoker.java:643)
	at org.testng.internal.Invoker.invokeTestMethod(Invoker.java:820)
	at org.testng.internal.Invoker.invokeTestMethods(Invoker.java:1128)
	at org.testng.internal.TestMethodWorker.invokeTestMethods(TestMethodWorker.java:129)
	at org.testng.internal.TestMethodWorker.run(TestMethodWorker.java:112)
	at org.testng.TestRunner.privateRun(TestRunner.java:782)
	at org.testng.TestRunner.run(TestRunner.java:632)
	at org.testng.SuiteRunner.runTest(SuiteRunner.java:366)
	at org.testng.SuiteRunner.runSequentially(SuiteRunner.java:361)
	at org.testng.SuiteRunner.privateRun(SuiteRunner.java:319)
	at org.testng.SuiteRunner.run(SuiteRunner.java:268)
	at org.testng.SuiteRunnerWorker.runSuite(SuiteRunnerWorker.java:52)
	at org.testng.SuiteRunnerWorker.run(SuiteRunnerWorker.java:86)
	at org.testng.TestNG.runSuitesSequentially(TestNG.java:1244)
	at org.testng.TestNG.runSuitesLocally(TestNG.java:1169)
	at org.testng.TestNG.run(TestNG.java:1064)
	at org.testng.remote.AbstractRemoteTestNG.run(AbstractRemoteTestNG.java:126)
	at org.testng.remote.RemoteTestNG.initAndRun(RemoteTestNG.java:152)
	at org.testng.remote.RemoteTestNG.main(RemoteTestNG.java:57)
</div></td></tr></table><p class="totop"><a href="#summary">back to summary</a></p><h3 id="m21">com.codingopus.java.maths.IntArrayTest#intArray_hashcode_equals</h3><table class="result"></table><p class="totop"><a href="#summary">back to summary</a></p><h3 id="m22">com.codingopus.java.maths.IntArrayTest#intArray_indexOf</h3><table class="result"></table><p class="totop"><a href="#summary">back to summary</a></p><h3 id="m23">com.codingopus.java.maths.IntArrayTest#intArray_isEmpty</h3><table class="result"></table><p class="totop"><a href="#summary">back to summary</a></p><h3 id="m24">com.codingopus.java.maths.IntArrayTest#intArray_lastIndexOf</h3><table class="result"></table><p class="totop"><a href="#summary">back to summary</a></p><h3 id="m25">com.codingopus.java.maths.IntArrayTest#intArray_max</h3><table class="result"></table><p class="totop"><a href="#summary">back to summary</a></p><h3 id="m26">com.codingopus.java.maths.IntArrayTest#intArray_min</h3><table class="result"></table><p class="totop"><a href="#summary">back to summary</a></p><h3 id="m27">com.codingopus.java.maths.IntArrayTest#intArray_minus_with_factor</h3><table class="result"></table><p class="totop"><a href="#summary">back to summary</a></p><h3 id="m28">com.codingopus.java.maths.IntArrayTest#intArray_minus_with_intarray_with_different_length</h3><table class="result"><tr><th>Expected Exception</th></tr><tr><td><div class="stacktrace">java.lang.IllegalArgumentException: Arrays must of same size.
	at com.codingopus.java.collect.IntArray.minus(IntArray.java:244)
	at com.codingopus.java.maths.IntArrayTest.intArray_minus_with_intarray_with_different_length(IntArrayTest.java:177)
	at sun.reflect.NativeMethodAccessorImpl.invoke0(Native Method)
	at sun.reflect.NativeMethodAccessorImpl.invoke(NativeMethodAccessorImpl.java:62)
	at sun.reflect.DelegatingMethodAccessorImpl.invoke(DelegatingMethodAccessorImpl.java:43)
	at java.lang.reflect.Method.invoke(Method.java:483)
	at org.testng.internal.MethodInvocationHelper.invokeMethod(MethodInvocationHelper.java:86)
	at org.testng.internal.Invoker.invokeMethod(Invoker.java:643)
	at org.testng.internal.Invoker.invokeTestMethod(Invoker.java:820)
	at org.testng.internal.Invoker.invokeTestMethods(Invoker.java:1128)
	at org.testng.internal.TestMethodWorker.invokeTestMethods(TestMethodWorker.java:129)
	at org.testng.internal.TestMethodWorker.run(TestMethodWorker.java:112)
	at org.testng.TestRunner.privateRun(TestRunner.java:782)
	at org.testng.TestRunner.run(TestRunner.java:632)
	at org.testng.SuiteRunner.runTest(SuiteRunner.java:366)
	at org.testng.SuiteRunner.runSequentially(SuiteRunner.java:361)
	at org.testng.SuiteRunner.privateRun(SuiteRunner.java:319)
	at org.testng.SuiteRunner.run(SuiteRunner.java:268)
	at org.testng.SuiteRunnerWorker.runSuite(SuiteRunnerWorker.java:52)
	at org.testng.SuiteRunnerWorker.run(SuiteRunnerWorker.java:86)
	at org.testng.TestNG.runSuitesSequentially(TestNG.java:1244)
	at org.testng.TestNG.runSuitesLocally(TestNG.java:1169)
	at org.testng.TestNG.run(TestNG.java:1064)
	at org.testng.remote.AbstractRemoteTestNG.run(AbstractRemoteTestNG.java:126)
	at org.testng.remote.RemoteTestNG.initAndRun(RemoteTestNG.java:152)
	at org.testng.remote.RemoteTestNG.main(RemoteTestNG.java:57)
</div></td></tr></table><p class="totop"><a href="#summary">back to summary</a></p><h3 id="m29">com.codingopus.java.maths.IntArrayTest#intArray_minus_with_intarray_with_null</h3><table class="result"><tr><th>Expected Exception</th></tr><tr><td><div class="stacktrace">java.lang.NullPointerException: IntArray must not be null.
	at java.util.Objects.requireNonNull(Objects.java:228)
	at com.codingopus.java.collect.IntArray.minus(IntArray.java:242)
	at com.codingopus.java.maths.IntArrayTest.intArray_minus_with_intarray_with_null(IntArrayTest.java:182)
	at sun.reflect.NativeMethodAccessorImpl.invoke0(Native Method)
	at sun.reflect.NativeMethodAccessorImpl.invoke(NativeMethodAccessorImpl.java:62)
	at sun.reflect.DelegatingMethodAccessorImpl.invoke(DelegatingMethodAccessorImpl.java:43)
	at java.lang.reflect.Method.invoke(Method.java:483)
	at org.testng.internal.MethodInvocationHelper.invokeMethod(MethodInvocationHelper.java:86)
	at org.testng.internal.Invoker.invokeMethod(Invoker.java:643)
	at org.testng.internal.Invoker.invokeTestMethod(Invoker.java:820)
	at org.testng.internal.Invoker.invokeTestMethods(Invoker.java:1128)
	at org.testng.internal.TestMethodWorker.invokeTestMethods(TestMethodWorker.java:129)
	at org.testng.internal.TestMethodWorker.run(TestMethodWorker.java:112)
	at org.testng.TestRunner.privateRun(TestRunner.java:782)
	at org.testng.TestRunner.run(TestRunner.java:632)
	at org.testng.SuiteRunner.runTest(SuiteRunner.java:366)
	at org.testng.SuiteRunner.runSequentially(SuiteRunner.java:361)
	at org.testng.SuiteRunner.privateRun(SuiteRunner.java:319)
	at org.testng.SuiteRunner.run(SuiteRunner.java:268)
	at org.testng.SuiteRunnerWorker.runSuite(SuiteRunnerWorker.java:52)
	at org.testng.SuiteRunnerWorker.run(SuiteRunnerWorker.java:86)
	at org.testng.TestNG.runSuitesSequentially(TestNG.java:1244)
	at org.testng.TestNG.runSuitesLocally(TestNG.java:1169)
	at org.testng.TestNG.run(TestNG.java:1064)
	at org.testng.remote.AbstractRemoteTestNG.run(AbstractRemoteTestNG.java:126)
	at org.testng.remote.RemoteTestNG.initAndRun(RemoteTestNG.java:152)
	at org.testng.remote.RemoteTestNG.main(RemoteTestNG.java:57)
</div></td></tr></table><p class="totop"><a href="#summary">back to summary</a></p><h3 id="m30">com.codingopus.java.maths.IntArrayTest#intArray_minus_with_intarray_with_same_length</h3><table class="result"></table><p class="totop"><a href="#summary">back to summary</a></p><h3 id="m31">com.codingopus.java.maths.IntArrayTest#intArray_multiply_with_factor</h3><table class="result"></table><p class="totop"><a href="#summary">back to summary</a></p><h3 id="m32">com.codingopus.java.maths.IntArrayTest#intArray_multiply_with_intarray_with_different_length</h3><table class="result"><tr><th>Expected Exception</th></tr><tr><td><div class="stacktrace">java.lang.IllegalArgumentException: Arrays must of same size.
	at com.codingopus.java.collect.IntArray.multiply(IntArray.java:276)
	at com.codingopus.java.maths.IntArrayTest.intArray_multiply_with_intarray_with_different_length(IntArrayTest.java:207)
	at sun.reflect.NativeMethodAccessorImpl.invoke0(Native Method)
	at sun.reflect.NativeMethodAccessorImpl.invoke(NativeMethodAccessorImpl.java:62)
	at sun.reflect.DelegatingMethodAccessorImpl.invoke(DelegatingMethodAccessorImpl.java:43)
	at java.lang.reflect.Method.invoke(Method.java:483)
	at org.testng.internal.MethodInvocationHelper.invokeMethod(MethodInvocationHelper.java:86)
	at org.testng.internal.Invoker.invokeMethod(Invoker.java:643)
	at org.testng.internal.Invoker.invokeTestMethod(Invoker.java:820)
	at org.testng.internal.Invoker.invokeTestMethods(Invoker.java:1128)
	at org.testng.internal.TestMethodWorker.invokeTestMethods(TestMethodWorker.java:129)
	at org.testng.internal.TestMethodWorker.run(TestMethodWorker.java:112)
	at org.testng.TestRunner.privateRun(TestRunner.java:782)
	at org.testng.TestRunner.run(TestRunner.java:632)
	at org.testng.SuiteRunner.runTest(SuiteRunner.java:366)
	at org.testng.SuiteRunner.runSequentially(SuiteRunner.java:361)
	at org.testng.SuiteRunner.privateRun(SuiteRunner.java:319)
	at org.testng.SuiteRunner.run(SuiteRunner.java:268)
	at org.testng.SuiteRunnerWorker.runSuite(SuiteRunnerWorker.java:52)
	at org.testng.SuiteRunnerWorker.run(SuiteRunnerWorker.java:86)
	at org.testng.TestNG.runSuitesSequentially(TestNG.java:1244)
	at org.testng.TestNG.runSuitesLocally(TestNG.java:1169)
	at org.testng.TestNG.run(TestNG.java:1064)
	at org.testng.remote.AbstractRemoteTestNG.run(AbstractRemoteTestNG.java:126)
	at org.testng.remote.RemoteTestNG.initAndRun(RemoteTestNG.java:152)
	at org.testng.remote.RemoteTestNG.main(RemoteTestNG.java:57)
</div></td></tr></table><p class="totop"><a href="#summary">back to summary</a></p><h3 id="m33">com.codingopus.java.maths.IntArrayTest#intArray_multiply_with_intarray_with_null</h3><table class="result"><tr><th>Expected Exception</th></tr><tr><td><div class="stacktrace">java.lang.NullPointerException: IntArray must not be null.
	at java.util.Objects.requireNonNull(Objects.java:228)
	at com.codingopus.java.collect.IntArray.multiply(IntArray.java:274)
	at com.codingopus.java.maths.IntArrayTest.intArray_multiply_with_intarray_with_null(IntArrayTest.java:212)
	at sun.reflect.NativeMethodAccessorImpl.invoke0(Native Method)
	at sun.reflect.NativeMethodAccessorImpl.invoke(NativeMethodAccessorImpl.java:62)
	at sun.reflect.DelegatingMethodAccessorImpl.invoke(DelegatingMethodAccessorImpl.java:43)
	at java.lang.reflect.Method.invoke(Method.java:483)
	at org.testng.internal.MethodInvocationHelper.invokeMethod(MethodInvocationHelper.java:86)
	at org.testng.internal.Invoker.invokeMethod(Invoker.java:643)
	at org.testng.internal.Invoker.invokeTestMethod(Invoker.java:820)
	at org.testng.internal.Invoker.invokeTestMethods(Invoker.java:1128)
	at org.testng.internal.TestMethodWorker.invokeTestMethods(TestMethodWorker.java:129)
	at org.testng.internal.TestMethodWorker.run(TestMethodWorker.java:112)
	at org.testng.TestRunner.privateRun(TestRunner.java:782)
	at org.testng.TestRunner.run(TestRunner.java:632)
	at org.testng.SuiteRunner.runTest(SuiteRunner.java:366)
	at org.testng.SuiteRunner.runSequentially(SuiteRunner.java:361)
	at org.testng.SuiteRunner.privateRun(SuiteRunner.java:319)
	at org.testng.SuiteRunner.run(SuiteRunner.java:268)
	at org.testng.SuiteRunnerWorker.runSuite(SuiteRunnerWorker.java:52)
	at org.testng.SuiteRunnerWorker.run(SuiteRunnerWorker.java:86)
	at org.testng.TestNG.runSuitesSequentially(TestNG.java:1244)
	at org.testng.TestNG.runSuitesLocally(TestNG.java:1169)
	at org.testng.TestNG.run(TestNG.java:1064)
	at org.testng.remote.AbstractRemoteTestNG.run(AbstractRemoteTestNG.java:126)
	at org.testng.remote.RemoteTestNG.initAndRun(RemoteTestNG.java:152)
	at org.testng.remote.RemoteTestNG.main(RemoteTestNG.java:57)
</div></td></tr></table><p class="totop"><a href="#summary">back to summary</a></p><h3 id="m34">com.codingopus.java.maths.IntArrayTest#intArray_multiply_with_intarray_with_same_length</h3><table class="result"></table><p class="totop"><a href="#summary">back to summary</a></p><h3 id="m35">com.codingopus.java.maths.IntArrayTest#intArray_ofValue_check</h3><table class="result"></table><p class="totop"><a href="#summary">back to summary</a></p><h3 id="m36">com.codingopus.java.maths.IntArrayTest#intArray_ones_check</h3><table class="result"></table><p class="totop"><a href="#summary">back to summary</a></p><h3 id="m37">com.codingopus.java.maths.IntArrayTest#intArray_plusAll</h3><table class="result"></table><p class="totop"><a href="#summary">back to summary</a></p><h3 id="m38">com.codingopus.java.maths.IntArrayTest#intArray_plus_with_factor</h3><table class="result"></table><p class="totop"><a href="#summary">back to summary</a></p><h3 id="m39">com.codingopus.java.maths.IntArrayTest#intArray_plus_with_intarray_with_different_length</h3><table class="result"><tr><th>Expected Exception</th></tr><tr><td><div class="stacktrace">java.lang.IllegalArgumentException: Arrays must of same size.
	at com.codingopus.java.collect.IntArray.plus(IntArray.java:215)
	at com.codingopus.java.maths.IntArrayTest.intArray_plus_with_intarray_with_different_length(IntArrayTest.java:147)
	at sun.reflect.NativeMethodAccessorImpl.invoke0(Native Method)
	at sun.reflect.NativeMethodAccessorImpl.invoke(NativeMethodAccessorImpl.java:62)
	at sun.reflect.DelegatingMethodAccessorImpl.invoke(DelegatingMethodAccessorImpl.java:43)
	at java.lang.reflect.Method.invoke(Method.java:483)
	at org.testng.internal.MethodInvocationHelper.invokeMethod(MethodInvocationHelper.java:86)
	at org.testng.internal.Invoker.invokeMethod(Invoker.java:643)
	at org.testng.internal.Invoker.invokeTestMethod(Invoker.java:820)
	at org.testng.internal.Invoker.invokeTestMethods(Invoker.java:1128)
	at org.testng.internal.TestMethodWorker.invokeTestMethods(TestMethodWorker.java:129)
	at org.testng.internal.TestMethodWorker.run(TestMethodWorker.java:112)
	at org.testng.TestRunner.privateRun(TestRunner.java:782)
	at org.testng.TestRunner.run(TestRunner.java:632)
	at org.testng.SuiteRunner.runTest(SuiteRunner.java:366)
	at org.testng.SuiteRunner.runSequentially(SuiteRunner.java:361)
	at org.testng.SuiteRunner.privateRun(SuiteRunner.java:319)
	at org.testng.SuiteRunner.run(SuiteRunner.java:268)
	at org.testng.SuiteRunnerWorker.runSuite(SuiteRunnerWorker.java:52)
	at org.testng.SuiteRunnerWorker.run(SuiteRunnerWorker.java:86)
	at org.testng.TestNG.runSuitesSequentially(TestNG.java:1244)
	at org.testng.TestNG.runSuitesLocally(TestNG.java:1169)
	at org.testng.TestNG.run(TestNG.java:1064)
	at org.testng.remote.AbstractRemoteTestNG.run(AbstractRemoteTestNG.java:126)
	at org.testng.remote.RemoteTestNG.initAndRun(RemoteTestNG.java:152)
	at org.testng.remote.RemoteTestNG.main(RemoteTestNG.java:57)
</div></td></tr></table><p class="totop"><a href="#summary">back to summary</a></p><h3 id="m40">com.codingopus.java.maths.IntArrayTest#intArray_plus_with_intarray_with_null</h3><table class="result"><tr><th>Expected Exception</th></tr><tr><td><div class="stacktrace">java.lang.NullPointerException: IntArray must not be null.
	at java.util.Objects.requireNonNull(Objects.java:228)
	at com.codingopus.java.collect.IntArray.plus(IntArray.java:213)
	at com.codingopus.java.maths.IntArrayTest.intArray_plus_with_intarray_with_null(IntArrayTest.java:152)
	at sun.reflect.NativeMethodAccessorImpl.invoke0(Native Method)
	at sun.reflect.NativeMethodAccessorImpl.invoke(NativeMethodAccessorImpl.java:62)
	at sun.reflect.DelegatingMethodAccessorImpl.invoke(DelegatingMethodAccessorImpl.java:43)
	at java.lang.reflect.Method.invoke(Method.java:483)
	at org.testng.internal.MethodInvocationHelper.invokeMethod(MethodInvocationHelper.java:86)
	at org.testng.internal.Invoker.invokeMethod(Invoker.java:643)
	at org.testng.internal.Invoker.invokeTestMethod(Invoker.java:820)
	at org.testng.internal.Invoker.invokeTestMethods(Invoker.java:1128)
	at org.testng.internal.TestMethodWorker.invokeTestMethods(TestMethodWorker.java:129)
	at org.testng.internal.TestMethodWorker.run(TestMethodWorker.java:112)
	at org.testng.TestRunner.privateRun(TestRunner.java:782)
	at org.testng.TestRunner.run(TestRunner.java:632)
	at org.testng.SuiteRunner.runTest(SuiteRunner.java:366)
	at org.testng.SuiteRunner.runSequentially(SuiteRunner.java:361)
	at org.testng.SuiteRunner.privateRun(SuiteRunner.java:319)
	at org.testng.SuiteRunner.run(SuiteRunner.java:268)
	at org.testng.SuiteRunnerWorker.runSuite(SuiteRunnerWorker.java:52)
	at org.testng.SuiteRunnerWorker.run(SuiteRunnerWorker.java:86)
	at org.testng.TestNG.runSuitesSequentially(TestNG.java:1244)
	at org.testng.TestNG.runSuitesLocally(TestNG.java:1169)
	at org.testng.TestNG.run(TestNG.java:1064)
	at org.testng.remote.AbstractRemoteTestNG.run(AbstractRemoteTestNG.java:126)
	at org.testng.remote.RemoteTestNG.initAndRun(RemoteTestNG.java:152)
	at org.testng.remote.RemoteTestNG.main(RemoteTestNG.java:57)
</div></td></tr></table><p class="totop"><a href="#summary">back to summary</a></p><h3 id="m41">com.codingopus.java.maths.IntArrayTest#intArray_plus_with_intarray_with_same_length</h3><table class="result"></table><p class="totop"><a href="#summary">back to summary</a></p><h3 id="m42">com.codingopus.java.maths.IntArrayTest#intArray_reverse</h3><table class="result"></table><p class="totop"><a href="#summary">back to summary</a></p><h3 id="m43">com.codingopus.java.maths.IntArrayTest#intArray_shuffle</h3><table class="result"></table><p class="totop"><a href="#summary">back to summary</a></p><h3 id="m44">com.codingopus.java.maths.IntArrayTest#intArray_size</h3><table class="result"></table><p class="totop"><a href="#summary">back to summary</a></p><h3 id="m45">com.codingopus.java.maths.IntArrayTest#intArray_size_check</h3><table class="result"></table><p class="totop"><a href="#summary">back to summary</a></p><h3 id="m46">com.codingopus.java.maths.IntArrayTest#intArray_sort</h3><table class="result"></table><p class="totop"><a href="#summary">back to summary</a></p><h3 id="m47">com.codingopus.java.maths.IntArrayTest#intArray_sum</h3><table class="result"></table><p class="totop"><a href="#summary">back to summary</a></p><h3 id="m48">com.codingopus.java.maths.IntArrayTest#intArray_toArray</h3><table class="result"></table><p class="totop"><a href="#summary">back to summary</a></p><h3 id="m49">com.codingopus.java.maths.IntArrayTest#intArray_varargs_check</h3><table class="result"><tr><th>Expected Exception</th></tr><tr><td><div class="stacktrace">java.lang.NullPointerException
	at java.util.Objects.requireNonNull(Objects.java:203)
	at com.codingopus.java.collect.IntArray.of(IntArray.java:45)
	at com.codingopus.java.maths.IntArrayTest.intArray_varargs_check(IntArrayTest.java:63)
	at sun.reflect.NativeMethodAccessorImpl.invoke0(Native Method)
	at sun.reflect.NativeMethodAccessorImpl.invoke(NativeMethodAccessorImpl.java:62)
	at sun.reflect.DelegatingMethodAccessorImpl.invoke(DelegatingMethodAccessorImpl.java:43)
	at java.lang.reflect.Method.invoke(Method.java:483)
	at org.testng.internal.MethodInvocationHelper.invokeMethod(MethodInvocationHelper.java:86)
	at org.testng.internal.Invoker.invokeMethod(Invoker.java:643)
	at org.testng.internal.Invoker.invokeTestMethod(Invoker.java:820)
	at org.testng.internal.Invoker.invokeTestMethods(Invoker.java:1128)
	at org.testng.internal.TestMethodWorker.invokeTestMethods(TestMethodWorker.java:129)
	at org.testng.internal.TestMethodWorker.run(TestMethodWorker.java:112)
	at org.testng.TestRunner.privateRun(TestRunner.java:782)
	at org.testng.TestRunner.run(TestRunner.java:632)
	at org.testng.SuiteRunner.runTest(SuiteRunner.java:366)
	at org.testng.SuiteRunner.runSequentially(SuiteRunner.java:361)
	at org.testng.SuiteRunner.privateRun(SuiteRunner.java:319)
	at org.testng.SuiteRunner.run(SuiteRunner.java:268)
	at org.testng.SuiteRunnerWorker.runSuite(SuiteRunnerWorker.java:52)
	at org.testng.SuiteRunnerWorker.run(SuiteRunnerWorker.java:86)
	at org.testng.TestNG.runSuitesSequentially(TestNG.java:1244)
	at org.testng.TestNG.runSuitesLocally(TestNG.java:1169)
	at org.testng.TestNG.run(TestNG.java:1064)
	at org.testng.remote.AbstractRemoteTestNG.run(AbstractRemoteTestNG.java:126)
	at org.testng.remote.RemoteTestNG.initAndRun(RemoteTestNG.java:152)
	at org.testng.remote.RemoteTestNG.main(RemoteTestNG.java:57)
</div></td></tr></table><p class="totop"><a href="#summary">back to summary</a></p><h3 id="m50">com.codingopus.java.maths.IntArrayTest#intArray_varargs_check_1</h3><table class="result"></table><p class="totop"><a href="#summary">back to summary</a></p><h3 id="m51">com.codingopus.java.maths.IntArrayTest#intArray_zeros_check</h3><table class="result"></table><p class="totop"><a href="#summary">back to summary</a></p></body></html>